2024-08-23 14:03:27,305 [INFO] Activator:176 - 


2024-08-23 14:03:27,306 [INFO] Activator:177 - !SESSION log4j initialized
2024-08-23 14:03:30,450 [INFO] LogOutputStream:77 - [STDOUT_REDIRECT] 
2024-08-23 14:03:33,697 [INFO] ApplicationProperties:184 - Using Application install path: C:\ST\STM32CubeIDE_1.13.2\STM32CubeIDE\plugins\com.st.stm32cube.common.mx_6.10.0.202311202037
2024-08-23 14:03:33,747 [INFO] DbMcusXml:78 - Set database path to: C:\ST\STM32CubeIDE_1.13.2\STM32CubeIDE\plugins\com.st.stm32cube.common.mx_6.10.0.202311202037\\db\/mcu/
2024-08-23 14:03:33,748 [INFO] ApiDb:274 - Set plugin database path to: C:\ST\STM32CubeIDE_1.13.2\STM32CubeIDE\plugins\com.st.stm32cube.common.mx_6.10.0.202311202037\\db\/plugins/boardmanager/
2024-08-23 14:03:33,750 [WARN] ApiDb:259 - Overriding images path with different value:  => C:\ST\STM32CubeIDE_1.13.2\STM32CubeIDE\plugins\com.st.stm32cube.common.mx_6.10.0.202311202037\\db\/plugins/mcufinder/images/
2024-08-23 14:03:33,772 [INFO] ApiDb:250 - Set database path to: C:\Users\power\.stmcufinder\plugins\mcufinder//mcu/
2024-08-23 14:03:33,775 [INFO] DbMcusAds:125 - Set database path to: C:\Users\power\.stmcufinder\plugins\mcufinder//mcu/
2024-08-23 14:03:33,780 [INFO] CrossReferenceDbSqlite:203 - Set database path to: C:\Users\power\.stmcufinder\plugins\mcufinder//mcu/cs/
2024-08-23 14:03:34,119 [INFO] RulesReader:64 - Compatibility file has been processed (297 Rules)
2024-08-23 14:03:34,357 [INFO] DbMcusXml:78 - Set database path to: C:\ST\STM32CubeIDE_1.13.2\STM32CubeIDE\plugins\com.st.stm32cube.common.mx_6.10.0.202311202037\\db\/mcu/
2024-08-23 14:03:34,357 [INFO] ApiDb:274 - Set plugin database path to: C:\ST\STM32CubeIDE_1.13.2\STM32CubeIDE\plugins\com.st.stm32cube.common.mx_6.10.0.202311202037\\db\/plugins/boardmanager/
2024-08-23 14:03:34,358 [INFO] ApiDb:261 - Set plugin images path to: C:\ST\STM32CubeIDE_1.13.2\STM32CubeIDE\plugins\com.st.stm32cube.common.mx_6.10.0.202311202037\\db\/plugins/mcufinder/images/
2024-08-23 14:03:34,359 [WARN] DbFile:41 - Overriding database path with different value: C:\Users\power\.stmcufinder\plugins\mcufinder/ => C:\Users\power\.stmcufinder\plugins\mcufinder
2024-08-23 14:03:34,359 [INFO] ApiDb:250 - Set database path to: C:\Users\power\.stmcufinder\plugins\mcufinder//mcu/
2024-08-23 14:03:34,359 [WARN] DbFile:41 - Overriding database path with different value: C:\Users\power\.stmcufinder\plugins\mcufinder/ => C:\Users\power\.stmcufinder\plugins\mcufinder
2024-08-23 14:03:34,360 [INFO] DbMcusAds:125 - Set database path to: C:\Users\power\.stmcufinder\plugins\mcufinder//mcu/
2024-08-23 14:03:34,360 [WARN] DbFile:41 - Overriding database path with different value: C:\Users\power\.stmcufinder\plugins\mcufinder/ => C:\Users\power\.stmcufinder\plugins\mcufinder
2024-08-23 14:03:34,360 [WARN] DbFile:41 - Overriding database path with different value: C:\Users\power\.stmcufinder\plugins\mcufinder/ => C:\Users\power\.stmcufinder\plugins\mcufinder
2024-08-23 14:03:34,361 [INFO] CrossReferenceDbSqlite:203 - Set database path to: C:\Users\power\.stmcufinder\plugins\mcufinder//mcu/cs/
2024-08-23 14:03:34,572 [INFO] MainPanel:264 - HeapMemory: 268435456
2024-08-23 14:03:34,813 [INFO] DbMcusXml:78 - Set database path to: C:\ST\STM32CubeIDE_1.13.2\STM32CubeIDE\plugins\com.st.stm32cube.common.mx_6.10.0.202311202037\\db\/mcu/
2024-08-23 14:03:34,813 [INFO] ApiDb:274 - Set plugin database path to: C:\ST\STM32CubeIDE_1.13.2\STM32CubeIDE\plugins\com.st.stm32cube.common.mx_6.10.0.202311202037\\db\/plugins/boardmanager/
2024-08-23 14:03:34,813 [INFO] ApiDb:261 - Set plugin images path to: C:\ST\STM32CubeIDE_1.13.2\STM32CubeIDE\plugins\com.st.stm32cube.common.mx_6.10.0.202311202037\\db\/plugins/mcufinder/images/
2024-08-23 14:03:34,814 [WARN] DbFile:41 - Overriding database path with different value: C:\Users\power\.stmcufinder\plugins\mcufinder/ => C:\Users\power\.stmcufinder\plugins\mcufinder
2024-08-23 14:03:34,814 [INFO] ApiDb:250 - Set database path to: C:\Users\power\.stmcufinder\plugins\mcufinder//mcu/
2024-08-23 14:03:34,814 [WARN] DbFile:41 - Overriding database path with different value: C:\Users\power\.stmcufinder\plugins\mcufinder/ => C:\Users\power\.stmcufinder\plugins\mcufinder
2024-08-23 14:03:34,815 [INFO] DbMcusAds:125 - Set database path to: C:\Users\power\.stmcufinder\plugins\mcufinder//mcu/
2024-08-23 14:03:34,815 [WARN] DbFile:41 - Overriding database path with different value: C:\Users\power\.stmcufinder\plugins\mcufinder/ => C:\Users\power\.stmcufinder\plugins\mcufinder
2024-08-23 14:03:34,815 [WARN] DbFile:41 - Overriding database path with different value: C:\Users\power\.stmcufinder\plugins\mcufinder/ => C:\Users\power\.stmcufinder\plugins\mcufinder
2024-08-23 14:03:34,816 [INFO] CrossReferenceDbSqlite:203 - Set database path to: C:\Users\power\.stmcufinder\plugins\mcufinder//mcu/cs/
2024-08-23 14:03:34,863 [INFO] ApplicationProperties:184 - Using Application install path: C:\ST\STM32CubeIDE_1.13.2\STM32CubeIDE\plugins\com.st.stm32cube.common.mx_6.10.0.202311202037
2024-08-23 14:03:34,867 [INFO] PluginManage:196 - Search for loadable plugins [exclusion list=, ]
2024-08-23 14:03:34,871 [INFO] PluginManage:310 - Check plugin analytics
2024-08-23 14:03:35,303 [INFO] AnalyticsPlugin:253 - Accepted Software Licenses: 
2024-08-23 14:03:35,304 [INFO] AnalyticsPlugin:255 - Accepted CMSIS Pack Licenses: 
2024-08-23 14:03:35,304 [INFO] AnalyticsPlugin:257 - Accepted Firmware Licenses: FW.F4.1.27.0
2024-08-23 14:03:35,311 [INFO] PluginManage:359 - Loaded plugin analytics (category:tool,tabindex:-1)
2024-08-23 14:03:35,311 [INFO] PluginManage:310 - Check plugin cadmodel
2024-08-23 14:03:35,342 [INFO] CADModel:105 - Init CAD model plugin
2024-08-23 14:03:35,342 [INFO] PluginManage:359 - Loaded plugin cadmodel (category:power,tabindex:5)
2024-08-23 14:03:35,343 [INFO] PluginManage:310 - Check plugin clock
2024-08-23 14:03:35,386 [INFO] PluginManage:359 - Loaded plugin clock (category:base,tabindex:2)
2024-08-23 14:03:35,387 [INFO] PluginManage:310 - Check plugin ddr
2024-08-23 14:03:35,392 [INFO] PluginManage:359 - Loaded plugin ddr (category:tool,tabindex:6)
2024-08-23 14:03:35,393 [INFO] PluginManage:310 - Check plugin filemanager
2024-08-23 14:03:35,740 [INFO] PluginManage:359 - Loaded plugin filemanager (category:base,tabindex:10)
2024-08-23 14:03:35,741 [INFO] PluginManage:310 - Check plugin ipmanager
2024-08-23 14:03:35,759 [INFO] PluginManage:359 - Loaded plugin ipmanager (category:base,tabindex:5)
2024-08-23 14:03:35,759 [INFO] PluginManage:310 - Check plugin lpbam
2024-08-23 14:03:35,794 [INFO] PluginManage:359 - Loaded plugin lpbam (category:base,tabindex:0)
2024-08-23 14:03:35,794 [INFO] PluginManage:310 - Check plugin memorymap
2024-08-23 14:03:35,838 [INFO] PluginManage:359 - Loaded plugin memorymap (category:base,tabindex:4)
2024-08-23 14:03:35,838 [INFO] PluginManage:310 - Check plugin pinoutandconfiguration
2024-08-23 14:03:35,917 [INFO] PluginManage:359 - Loaded plugin pinoutandconfiguration (category:base,tabindex:1)
2024-08-23 14:03:35,918 [INFO] PluginManage:310 - Check plugin pinoutconfig
2024-08-23 14:03:36,157 [WARN] SupportedApi:132 - Cannot load RTOS API schema: s4s-elt-must-match.1: The content of 'definitions' must match (annotation?, (simpleType | complexType)?, (unique | key | keyref)*)). A problem was found starting at: attribute.
2024-08-23 14:03:36,470 [INFO] PluginManage:359 - Loaded plugin pinoutconfig (category:base,tabindex:0)
2024-08-23 14:03:36,470 [INFO] PluginManage:310 - Check plugin power
2024-08-23 14:03:36,503 [INFO] PluginManage:359 - Loaded plugin power (category:power,tabindex:4)
2024-08-23 14:03:36,504 [INFO] PluginManage:310 - Check plugin projectmanager
2024-08-23 14:03:36,550 [INFO] PluginManage:359 - Loaded plugin projectmanager (category:projectmanager,tabindex:3)
2024-08-23 14:03:36,550 [INFO] PluginManage:310 - Check plugin thirdparty
2024-08-23 14:03:37,098 [INFO] PluginManage:359 - Loaded plugin thirdparty (category:base,tabindex:-1)
2024-08-23 14:03:37,098 [INFO] PluginManage:310 - Check plugin tools
2024-08-23 14:03:37,098 [WARN] IntegrityCheckThread:84 - waiting for thirdparty lock release [integrity check]
2024-08-23 14:03:37,099 [INFO] IntegrityCheckThread:86 - entering critical section [integrity check]
2024-08-23 14:03:37,100 [INFO] ThirdPartyUpdaterWithRetryManager:70 - Updater plugin not ready yet. [1/15]
2024-08-23 14:03:37,196 [INFO] PluginManage:359 - Loaded plugin tools (category:base,tabindex:7)
2024-08-23 14:03:37,196 [INFO] PluginManage:310 - Check plugin tutovideos
2024-08-23 14:03:37,673 [INFO] PluginManage:359 - Loaded plugin tutovideos (category:base,tabindex:-1)
2024-08-23 14:03:37,673 [INFO] PluginManage:310 - Check plugin updater
2024-08-23 14:03:37,701 [INFO] PluginManage:359 - Loaded plugin updater (category:base,tabindex:12)
2024-08-23 14:03:37,702 [INFO] PluginManage:310 - Check plugin userauth
2024-08-23 14:03:37,715 [INFO] UserAuth:114 - Init User Auth plugin
2024-08-23 14:03:37,716 [INFO] PluginManage:359 - Loaded plugin userauth (category:base,tabindex:14)
2024-08-23 14:03:37,717 [INFO] PluginManage:283 - PluginManage : Loaded plugins [17]
2024-08-23 14:03:38,258 [INFO] PinOutPanel:1499 - setPackage(No Configuration,No Configuration)
2024-08-23 14:03:38,444 [INFO] CADModel:165 - CPN selected for project level
2024-08-23 14:03:38,444 [INFO] CADModel:114 - Register for checkConnection events
2024-08-23 14:03:38,501 [INFO] IPUIPlugin:80 - create IPUIPlugin
2024-08-23 14:03:38,501 [INFO] PluginManager:220 - loadIPPluginJar : add adc
2024-08-23 14:03:38,602 [INFO] IPUIPlugin:80 - create IPUIPlugin
2024-08-23 14:03:38,603 [INFO] PluginManager:220 - loadIPPluginJar : add aes
2024-08-23 14:03:38,715 [INFO] IPUIPlugin:80 - create IPUIPlugin
2024-08-23 14:03:38,717 [INFO] PluginManager:220 - loadIPPluginJar : add can
2024-08-23 14:03:38,779 [INFO] IPUIPlugin:80 - create IPUIPlugin
2024-08-23 14:03:38,779 [INFO] PluginManager:220 - loadIPPluginJar : add comp
2024-08-23 14:03:38,872 [INFO] IPUIPlugin:80 - create IPUIPlugin
2024-08-23 14:03:38,873 [INFO] PluginManager:220 - loadIPPluginJar : add cryp
2024-08-23 14:03:38,959 [INFO] IPUIPlugin:80 - create IPUIPlugin
2024-08-23 14:03:38,959 [INFO] PluginManager:220 - loadIPPluginJar : add dfsdm
2024-08-23 14:03:38,986 [INFO] IPUIPlugin:80 - create IPUIPlugin
2024-08-23 14:03:38,987 [INFO] PluginManager:220 - loadIPPluginJar : add dma
2024-08-23 14:03:39,097 [INFO] IPUIPlugin:80 - create IPUIPlugin
2024-08-23 14:03:39,097 [INFO] PluginManager:220 - loadIPPluginJar : add dma3
2024-08-23 14:03:39,150 [INFO] IPUIPlugin:80 - create IPUIPlugin
2024-08-23 14:03:39,150 [INFO] PluginManager:220 - loadIPPluginJar : add fatfs
2024-08-23 14:03:39,271 [INFO] IPUIPlugin:80 - create IPUIPlugin
2024-08-23 14:03:39,271 [INFO] PluginManager:220 - loadIPPluginJar : add fmc
2024-08-23 14:03:39,311 [INFO] IPUIPlugin:80 - create IPUIPlugin
2024-08-23 14:03:39,312 [INFO] PluginManager:220 - loadIPPluginJar : add freertos
2024-08-23 14:03:39,384 [INFO] IPUIPlugin:80 - create IPUIPlugin
2024-08-23 14:03:39,385 [INFO] PluginManager:220 - loadIPPluginJar : add genericplugin
2024-08-23 14:03:39,687 [INFO] IPUIPlugin:80 - create IPUIPlugin
2024-08-23 14:03:39,687 [INFO] PluginManager:220 - loadIPPluginJar : add gfxmmu
2024-08-23 14:03:40,055 [INFO] IPUIPlugin:80 - create IPUIPlugin
2024-08-23 14:03:40,056 [INFO] PluginManager:220 - loadIPPluginJar : add gic
2024-08-23 14:03:40,078 [INFO] IPUIPlugin:80 - create IPUIPlugin
2024-08-23 14:03:40,079 [INFO] PluginManager:220 - loadIPPluginJar : add gpio
2024-08-23 14:03:40,107 [INFO] ThirdPartyUpdaterWithRetryManager:70 - Updater plugin not ready yet. [2/15]
2024-08-23 14:03:40,304 [INFO] IPUIPlugin:80 - create IPUIPlugin
2024-08-23 14:03:40,305 [INFO] PluginManager:220 - loadIPPluginJar : add gtzc
2024-08-23 14:03:40,398 [INFO] IPUIPlugin:80 - create IPUIPlugin
2024-08-23 14:03:40,398 [INFO] PluginManager:220 - loadIPPluginJar : add hash
2024-08-23 14:03:40,551 [INFO] IPUIPlugin:80 - create IPUIPlugin
2024-08-23 14:03:40,551 [INFO] PluginManager:220 - loadIPPluginJar : add i2c
2024-08-23 14:03:40,652 [INFO] IPUIPlugin:80 - create IPUIPlugin
2024-08-23 14:03:40,653 [INFO] PluginManager:220 - loadIPPluginJar : add i2s
2024-08-23 14:03:40,758 [INFO] IPUIPlugin:80 - create IPUIPlugin
2024-08-23 14:03:40,758 [INFO] PluginManager:220 - loadIPPluginJar : add i3c
2024-08-23 14:03:41,022 [INFO] IPUIPlugin:80 - create IPUIPlugin
2024-08-23 14:03:41,023 [INFO] PluginManager:220 - loadIPPluginJar : add ipddr
2024-08-23 14:03:41,253 [INFO] IPUIPlugin:80 - create IPUIPlugin
2024-08-23 14:03:41,253 [INFO] PluginManager:220 - loadIPPluginJar : add linkedlist
2024-08-23 14:03:41,338 [INFO] IPUIPlugin:80 - create IPUIPlugin
2024-08-23 14:03:41,339 [INFO] PluginManager:220 - loadIPPluginJar : add lorawan
2024-08-23 14:03:41,435 [INFO] IPUIPlugin:80 - create IPUIPlugin
2024-08-23 14:03:41,436 [INFO] PluginManager:220 - loadIPPluginJar : add ltdc
2024-08-23 14:03:41,468 [INFO] IPUIPlugin:80 - create IPUIPlugin
2024-08-23 14:03:41,469 [INFO] PluginManager:220 - loadIPPluginJar : add mdma
2024-08-23 14:03:41,486 [INFO] IPUIPlugin:80 - create IPUIPlugin
2024-08-23 14:03:41,486 [INFO] PluginManager:220 - loadIPPluginJar : add nvic
2024-08-23 14:03:41,588 [INFO] IPUIPlugin:80 - create IPUIPlugin
2024-08-23 14:03:41,588 [INFO] PluginManager:220 - loadIPPluginJar : add opamp
2024-08-23 14:03:41,759 [INFO] IPUIPlugin:80 - create IPUIPlugin
2024-08-23 14:03:41,760 [INFO] PluginManager:220 - loadIPPluginJar : add openamp
2024-08-23 14:03:41,875 [INFO] IPUIPlugin:80 - create IPUIPlugin
2024-08-23 14:03:41,876 [INFO] PluginManager:220 - loadIPPluginJar : add pdm2pcm
2024-08-23 14:03:41,899 [INFO] IPUIPlugin:80 - create IPUIPlugin
2024-08-23 14:03:41,904 [INFO] PluginManager:220 - loadIPPluginJar : add plateformsettings
2024-08-23 14:03:41,950 [INFO] IPUIPlugin:80 - create IPUIPlugin
2024-08-23 14:03:41,951 [INFO] PluginManager:220 - loadIPPluginJar : add quadspi
2024-08-23 14:03:41,978 [INFO] IPUIPlugin:80 - create IPUIPlugin
2024-08-23 14:03:41,978 [INFO] PluginManager:220 - loadIPPluginJar : add resmgrutility
2024-08-23 14:03:42,096 [INFO] IPUIPlugin:80 - create IPUIPlugin
2024-08-23 14:03:42,096 [INFO] PluginManager:220 - loadIPPluginJar : add sai
2024-08-23 14:03:42,192 [INFO] IPUIPlugin:80 - create IPUIPlugin
2024-08-23 14:03:42,192 [INFO] PluginManager:220 - loadIPPluginJar : add spi
2024-08-23 14:03:42,366 [INFO] IPUIPlugin:80 - create IPUIPlugin
2024-08-23 14:03:42,367 [INFO] PluginManager:220 - loadIPPluginJar : add stm32_wpan
2024-08-23 14:03:42,427 [INFO] IPUIPlugin:80 - create IPUIPlugin
2024-08-23 14:03:42,427 [INFO] PluginManager:220 - loadIPPluginJar : add tim
2024-08-23 14:03:42,579 [INFO] IPUIPlugin:80 - create IPUIPlugin
2024-08-23 14:03:42,579 [INFO] PluginManager:220 - loadIPPluginJar : add touchsensing
2024-08-23 14:03:42,638 [INFO] IPUIPlugin:80 - create IPUIPlugin
2024-08-23 14:03:42,638 [INFO] PluginManager:220 - loadIPPluginJar : add tracer_emb
2024-08-23 14:03:42,689 [INFO] IPUIPlugin:80 - create IPUIPlugin
2024-08-23 14:03:42,690 [INFO] PluginManager:220 - loadIPPluginJar : add ts
2024-08-23 14:03:42,748 [INFO] IPUIPlugin:80 - create IPUIPlugin
2024-08-23 14:03:42,748 [INFO] PluginManager:220 - loadIPPluginJar : add tsc
2024-08-23 14:03:42,803 [INFO] IPUIPlugin:80 - create IPUIPlugin
2024-08-23 14:03:42,803 [INFO] PluginManager:220 - loadIPPluginJar : add ucpd
2024-08-23 14:03:42,919 [INFO] IPUIPlugin:80 - create IPUIPlugin
2024-08-23 14:03:42,919 [INFO] PluginManager:220 - loadIPPluginJar : add usart
2024-08-23 14:03:43,035 [INFO] IPUIPlugin:80 - create IPUIPlugin
2024-08-23 14:03:43,036 [INFO] PluginManager:220 - loadIPPluginJar : add usbx
2024-08-23 14:03:43,116 [INFO] ThirdPartyUpdaterWithRetryManager:70 - Updater plugin not ready yet. [3/15]
2024-08-23 14:03:43,264 [INFO] CADModel:165 - CPN selected for project level
2024-08-23 14:03:43,264 [INFO] CADModel:114 - Register for checkConnection events
2024-08-23 14:03:43,264 [FATAL] Updater:308 - Updater called before beeing initialized
2024-08-23 14:03:43,265 [ERROR] CADModel:125 - Updater not yet initialized, retry later 
2024-08-23 14:03:43,653 [INFO] CADModel:165 - CPN selected for project level
2024-08-23 14:03:43,653 [INFO] CADModel:114 - Register for checkConnection events
2024-08-23 14:03:43,653 [FATAL] Updater:308 - Updater called before beeing initialized
2024-08-23 14:03:43,654 [ERROR] CADModel:125 - Updater not yet initialized, retry later 
2024-08-23 14:03:43,661 [FATAL] Updater:308 - Updater called before beeing initialized
2024-08-23 14:03:43,972 [FATAL] Updater:308 - Updater called before beeing initialized
2024-08-23 14:03:43,999 [INFO] DbMcusAds:53 - JSON generation date=Thu May 16 12:22:00 EEST 2024 (1715851320667)
2024-08-23 14:03:43,999 [FATAL] Updater:308 - Updater called before beeing initialized
2024-08-23 14:03:44,157 [WARN] DetailPanel:346 - Failed to get advertising image, set to default
2024-08-23 14:03:44,412 [FATAL] Updater:308 - Updater called before beeing initialized
2024-08-23 14:03:44,418 [FATAL] Updater:308 - Updater called before beeing initialized
2024-08-23 14:03:44,418 [FATAL] Updater:308 - Updater called before beeing initialized
2024-08-23 14:03:44,418 [WARN] DetailPanel:346 - Failed to get advertising image, set to default
2024-08-23 14:03:44,419 [FATAL] Updater:308 - Updater called before beeing initialized
2024-08-23 14:03:44,591 [ERROR] Updater:1120 - MainUpdater not yet initialized. External WinMGr cannot be set.
2024-08-23 14:03:44,606 [INFO] Updater:1056 - Updater Version found : 6.10.0
2024-08-23 14:03:44,654 [INFO] ApplicationProperties:184 - Using Application install path: C:\ST\STM32CubeIDE_1.13.2\STM32CubeIDE\plugins\com.st.stm32cube.common.mx_6.10.0.202311202037
2024-08-23 14:03:46,118 [FATAL] Updater:308 - Updater called before beeing initialized
2024-08-23 14:03:46,120 [ERROR] IntegrityCheckThread:130 - Cannot retrieve database content from updater: error 21
2024-08-23 14:03:46,120 [INFO] ThirdParty:978 - Integrity check success = false
2024-08-23 14:03:46,121 [INFO] IntegrityCheckThread:100 - exiting critical section [integrity check]
2024-08-23 14:03:46,121 [INFO] IntegrityCheckThread:103 - End integrity checks thread
2024-08-23 14:03:46,291 [ERROR] LogOutputStream:75 - [STDERR_REDIRECT] Aug 23, 2024 2:03:46 PM java.util.prefs.WindowsPreferences <init>
2024-08-23 14:03:46,294 [ERROR] LogOutputStream:75 - [STDERR_REDIRECT] WARNING: Could not open/create prefs root node Software\JavaSoft\Prefs at root 0xffffffff80000002. Windows RegCreateKeyEx(...) returned error code 5.
2024-08-23 14:03:46,294 [ERROR] LogOutputStream:75 - [STDERR_REDIRECT] 
2024-08-23 14:03:47,382 [INFO] MainUpdater:2873 - connection check result : 10
2024-08-23 14:03:47,383 [INFO] MainUpdater:290 - Updater Check For Update Now.
2024-08-23 14:03:47,384 [INFO] MicroXplorer:498 - Change Database Version : DB.6.0.100
2024-08-23 14:03:47,421 [INFO] McuFinderGlobals:63 - Set McuFinder mode to 2 (CubeIDE integrated)
2024-08-23 14:03:47,453 [INFO] UserAuth:404 - Internet connection configuration mode: 1
2024-08-23 14:03:47,497 [INFO] JxBrowserEngine:152 - Initiate JxBrowser Engine with user profile folder
2024-08-23 14:03:47,790 [INFO] CheckServerUpdateThread:120 - End of CheckServer Thread
2024-08-23 14:03:52,188 [INFO] WebApp:161 - Instantiating new browser for Auth
2024-08-23 14:03:53,289 [INFO] WebApp:780 - Register for checkConnection events
2024-08-23 14:03:53,289 [INFO] WebApp:414 - Apply proxy settings
2024-08-23 14:03:53,290 [INFO] WebApp:499 - Chromium requires no authentication
2024-08-23 14:03:53,308 [INFO] WebApp:442 - Direct internet connection detected
2024-08-23 14:03:53,702 [INFO] WebApp:192 - Starting web application
2024-08-23 14:03:53,703 [INFO] WebApp:544 - Web application path used C:\ST\STM32CubeIDE_1.13.2\STM32CubeIDE\plugins\com.st.stm32cube.common.mx_6.10.0.202311202037\db\plugins\mcufinder\reactClient1\index.html
2024-08-23 14:04:15,896 [ERROR] LogOutputStream:75 - [STDERR_REDIRECT] SLF4J: Failed to load class "org.slf4j.impl.StaticLoggerBinder".
2024-08-23 14:04:15,899 [ERROR] LogOutputStream:75 - [STDERR_REDIRECT] SLF4J: Defaulting to no-operation (NOP) logger implementation
2024-08-23 14:04:15,903 [ERROR] LogOutputStream:75 - [STDERR_REDIRECT] SLF4J: See http://www.slf4j.org/codes.html#StaticLoggerBinder for further details.
2024-08-23 14:05:08,215 [INFO] McuFinderGlobals:63 - Set McuFinder mode to 2 (CubeIDE integrated)
2024-08-23 14:05:08,240 [INFO] MainUpdater:2873 - connection check result : 10
2024-08-23 14:05:08,261 [INFO] McuFinderGlobals:76 - Set McuFinderConnectedMode to true
2024-08-23 14:05:08,688 [INFO] ServerAccessManage:473 - Download File mcusAds.json._tmp_
2024-08-23 14:05:08,807 [INFO] LoadUrlFilesThread:156 - End of LoadUrlFiles Thread
2024-08-23 14:05:09,186 [INFO] ServerAccessManage:473 - Download File cube-finder-db.zip
2024-08-23 14:07:25,773 [INFO] FileExtend:240 - Unzip File : cube-finder-db.zip
2024-08-23 14:07:25,773 [INFO] FileExtend:255 - Standard Zip Deflate
2024-08-23 14:07:26,620 [INFO] LoadUrlFilesThread:156 - End of LoadUrlFiles Thread
2024-08-23 14:07:27,057 [INFO] ServerAccessManage:473 - Download File crdb.zip
2024-08-23 14:07:28,764 [INFO] FileExtend:240 - Unzip File : crdb.zip
2024-08-23 14:07:28,764 [INFO] FileExtend:255 - Standard Zip Deflate
2024-08-23 14:07:28,899 [INFO] LoadUrlFilesThread:156 - End of LoadUrlFiles Thread
2024-08-23 14:07:29,175 [INFO] ServerAccessManage:473 - Download File tutoVideoDB.zip
2024-08-23 14:07:29,536 [INFO] FileExtend:240 - Unzip File : tutoVideoDB.zip
2024-08-23 14:07:29,537 [INFO] FileExtend:255 - Standard Zip Deflate
2024-08-23 14:07:29,651 [INFO] LoadUrlFilesThread:156 - End of LoadUrlFiles Thread
2024-08-23 14:07:29,653 [WARN] DbFile:41 - Overriding database path with different value: C:\Users\power\.stmcufinder\plugins\mcufinder/ => C:\Users\power\.stmcufinder\plugins\mcufinder
2024-08-23 14:07:29,816 [INFO] ServerAccessManage:473 - Download File api_config.json
2024-08-23 14:07:29,923 [INFO] LoadUrlFilesThread:156 - End of LoadUrlFiles Thread
2024-08-23 14:07:29,923 [INFO] DbMcusAds:53 - JSON generation date=Thu May 16 12:22:00 EEST 2024 (1715851320667)
2024-08-23 14:07:29,941 [INFO] LoadUrlFilesThread:185 - End of LoadServerUrlFiles without Thread
2024-08-23 14:07:29,941 [INFO] TargetSelectorAdapter:259 - Refresh data is successful
2024-08-23 14:07:30,109 [INFO] ApiDb:581 - Connected to CubeFinder SQLite database (C:\Users\power\.stmcufinder\plugins\mcufinder\mcu\cube-finder-db.db)
2024-08-23 14:07:30,172 [INFO] ApiDb:668 - CubeFinder database Data Model version=2.1
2024-08-23 14:07:30,173 [INFO] ApiDb:669 - CubeFinder database Configuration version=3.0.39
2024-08-23 14:07:30,173 [INFO] ApiDb:670 - CubeFinder database generation date=2024-08-06 (1722941618)
2024-08-23 14:07:30,173 [INFO] ApiDb:671 - CubeFinder database FW Pack versions=[FP-ATR-ASTRA1_V2.0.0, FP-SNS-FLIGHT1_V5.0.2, FP-SNS-MOTENV1_V5.0.0, FP-SNS-MOTENVWB1_V1.4.0, FP-SNS-SMARTAG2_V1.2.0, FP-SNS-STBOX1_V2.0.0, STM32Cube_FW_C0_V1.2.0, STM32Cube_FW_F4_V1.28.0, STM32Cube_FW_F7_V1.17.2, STM32Cube_FW_G0_V1.6.2, STM32Cube_FW_G4_V1.6.0, STM32Cube_FW_H5_V1.3.0, STM32Cube_FW_H7RS_V1.1.0, STM32Cube_FW_H7_V1.11.2, STM32Cube_FW_L0_V1.12.2, STM32Cube_FW_L5_V1.5.1, STM32Cube_FW_U0_V1.1.0, STM32Cube_FW_U5_V1.6.0, STM32Cube_FW_WB0_V1.0.0, STM32Cube_FW_WBA_V1.4.1, STM32Cube_FW_WB_V1.20.0, STM32Cube_FW_WL_V1.3.0, X-CUBE-ALGOBUILD_V1.4.0, X-CUBE-ALS_V1.0.2, X-CUBE-AZRTOS-F4_V1.1.0, X-CUBE-AZRTOS-F7_V1.1.0, X-CUBE-AZRTOS-G0_V1.1.0, X-CUBE-AZRTOS-G4_V2.0.0, X-CUBE-AZRTOS-H7RS_V1.0.0, X-CUBE-AZRTOS-H7_V3.2.0, X-CUBE-AZRTOS-L4_V2.0.0, X-CUBE-AZRTOS-L5_V1.1.0, X-CUBE-AZRTOS-WB_V2.0.0, X-CUBE-AZRTOS-WL_V2.0.0, X-CUBE-BLE1_V7.0.0, X-CUBE-BLE2_V3.3.0, X-CUBE-BLEMGR_V3.1.0, X-CUBE-EEPRMA1_V5.1.0, X-CUBE-FREERTOS_V1.2.0, X-CUBE-GNSS1_V6.0.0, X-CUBE-MEMS1_V10.0.0, X-CUBE-NFC4_V3.0.0, X-CUBE-NFC7_V1.0.1, X-CUBE-SFXS2LP1_V4.0.0, X-CUBE-SUBG2_V5.0.0, X-CUBE-TOF1_V3.4.2]
2024-08-23 14:07:31,700 [INFO] ApiDb:240 - Found 371 in-development CPN: [B-G473E-ZEST1S, B-WB1M-WPAN1, B-WL5M-SUBG1, NUCLEO-C031C6, NUCLEO-H503RB, NUCLEO-H563ZI, NUCLEO-U545RE-Q, NUCLEO-U5A5ZJ-Q, NUCLEO-WBA52CG, NUCLEO-WBA55CG, STEVAL-MKBOXPRO, STEVAL-PROTEUS1, STEVAL-STWINBX1, STM320518-EVAL, STM32C0116-DK, STM32C011D6Y3TR, STM32C011D6Y6TR, STM32C011F4P3, STM32C011F4P6, STM32C011F4U3, STM32C011F4U6TR, STM32C011F6P3, STM32C011F6P6, STM32C011F6U3, STM32C011F6U6TR, STM32C011J4M3, STM32C011J4M6, STM32C011J6M3, STM32C011J6M6, STM32C0316-DK, STM32C031C4T3, STM32C031C4T6, STM32C031C4U3, STM32C031C4U6, STM32C031C6T3, STM32C031C6T6, STM32C031C6U3, STM32C031C6U6, STM32C031F4P3, STM32C031F4P6, STM32C031F6P3, STM32C031F6P6, STM32C031G4U3, STM32C031G4U6, STM32C031G6U3, STM32C031G6U6, STM32C031K4T3, STM32C031K4T6, STM32C031K4U3, STM32C031K4U6, STM32C031K6T3, STM32C031K6T6, STM32C031K6U3, STM32C031K6U6, STM32G071K8TXN, STM32G071K8UXN, STM32G081GBU6N, STM32G081KBT6N, STM32G081KBUXN, STM32G0B1CCT6N, STM32G0B1KCT6, STM32G0B1NEY6TR, STM32G0B1RCT6N, STM32G0C1CCT6, STM32G0C1CCT6N, STM32G0C1CCU6N, STM32G0C1CET6N, STM32G0C1CEU6N, STM32G0C1KCT6, STM32G0C1NEY6TR, STM32G0C1RCI6N, STM32G0C1RCT6N, STM32G0C1REI6N, STM32G0C1RET6N, STM32G0C1VCI6, STM32G0C1VEI6, STM32G471CCT6, STM32G471CCU6, STM32G471CET3, STM32G471CET6, STM32G471CEU3, STM32G471CEU6, STM32G471MCT6, STM32G471MET3, STM32G471MET6, STM32G471MEY6TR, STM32G471QCT6, STM32G471QET3, STM32G471RCT6, STM32G471RET3, STM32G471RET6, STM32G471VCH6, STM32G471VCI6, STM32G471VCT6, STM32G471VEH3, STM32G471VEH6, STM32G471VEI3, STM32G471VEI6, STM32G471VET3, STM32G471VET6, STM32G474CCT6, STM32H503CBT6, STM32H503CBU6, STM32H503EBY6TR, STM32H503KBU6, STM32H503RBT6, STM32H562AGI6, STM32H562AII6, STM32H562IGK6, STM32H562IGT6, STM32H562IIK6, STM32H562IIT6, STM32H562RGT6, STM32H562RGV6, STM32H562RIT6, STM32H562RIV6, STM32H562VGT6, STM32H562VIT6, STM32H562ZGT6, STM32H562ZIT6, STM32H563AGI6, STM32H563AII3Q, STM32H563AII6, STM32H563IGK6, STM32H563IGT6, STM32H563IIK3Q, STM32H563IIK6, STM32H563IIT3Q, STM32H563IIT6, STM32H563MIY3QTR, STM32H563RGT6, STM32H563RGV6, STM32H563RIT6, STM32H563RIV6, STM32H563VGT6, STM32H563VIT3Q, STM32H563VIT6, STM32H563ZGT6, STM32H563ZIT3Q, STM32H563ZIT6, STM32H573AII3Q, STM32H573AII6, STM32H573I-DK, STM32H573IIK3Q, STM32H573IIK6, STM32H573IIT3Q, STM32H573IIT6, STM32H573MIY3QTR, STM32H573RIT6, STM32H573RIV6, STM32H573VIT3Q, STM32H573VIT6, STM32H573ZIT3Q, STM32H573ZIT6, STM32L4R5QGI6STR, STM32MP131AAE3, STM32MP131AAF3, STM32MP131AAG3, STM32MP131CAE3, STM32MP131CAF3, STM32MP131CAG3, STM32MP131DAE7, STM32MP131DAF7, STM32MP131DAG7, STM32MP131FAE7, STM32MP131FAF7, STM32MP131FAG7, STM32MP133AAE3, STM32MP133AAF3, STM32MP133AAG3, STM32MP133CAE3, STM32MP133CAF3, STM32MP133CAG3, STM32MP133DAE7, STM32MP133DAF7, STM32MP133DAG7, STM32MP133FAE7, STM32MP133FAF7, STM32MP133FAG7, STM32MP135AAE3, STM32MP135AAF3, STM32MP135AAG3, STM32MP135CAE3, STM32MP135CAF3, STM32MP135CAG3, STM32MP135DAE7, STM32MP135DAF7, STM32MP135DAG7, STM32MP135F-DK, STM32MP135FAE7, STM32MP135FAF7, STM32MP135FAF7T, STM32MP135FAF7U, STM32MP135FAG7, STM32U535CBT6, STM32U535CBT6Q, STM32U535CBU6, STM32U535CBU6Q, STM32U535CCT6, STM32U535CCT6Q, STM32U535CCU6, STM32U535CCU6Q, STM32U535CET6, STM32U535CET6Q, STM32U535CEU6, STM32U535CEU6Q, STM32U535JEY6QTR, STM32U535NCY6QTR, STM32U535NEY6QTR, STM32U535RBI6, STM32U535RBI6Q, STM32U535RBT6, STM32U535RBT6Q, STM32U535RCI6, STM32U535RCI6Q, STM32U535RCT6, STM32U535RCT6Q, STM32U535REI6, STM32U535REI6Q, STM32U535RET6, STM32U535RET6Q, STM32U535VCI6, STM32U535VCI6Q, STM32U535VCT6, STM32U535VCT6Q, STM32U535VEI6, STM32U535VEI6Q, STM32U535VET6, STM32U535VET6Q, STM32U545CET6, STM32U545CET6Q, STM32U545CEU6, STM32U545CEU6Q, STM32U545JEY6QTR, STM32U545NEY6QTR, STM32U545REI6, STM32U545REI6Q, STM32U545RET6, STM32U545RET6Q, STM32U545VEI6, STM32U545VEI6Q, STM32U545VET6, STM32U545VET6Q, STM32U595AIH6, STM32U595AIH6Q, STM32U595AJH6, STM32U595AJH6Q, STM32U595QII6, STM32U595QII6Q, STM32U595QJI6, STM32U595QJI6Q, STM32U595RIT6, STM32U595RIT6Q, STM32U595RJT6, STM32U595RJT6Q, STM32U595VIT6, STM32U595VIT6Q, STM32U595VJT6, STM32U595VJT6Q, STM32U595ZIT6, STM32U595ZIT6Q, STM32U595ZIY6QTR, STM32U595ZJT6, STM32U595ZJT6Q, STM32U595ZJY6QTR, STM32U599BJY6QTR, STM32U599NIH6Q, STM32U599NJH6Q, STM32U599VIT6Q, STM32U599VJT6, STM32U599VJT6Q, STM32U599ZIT6Q, STM32U599ZIY6QTR, STM32U599ZJT6Q, STM32U599ZJY6QTR, STM32U5A5AJH6, STM32U5A5AJH6Q, STM32U5A5QJI6, STM32U5A5QJI6Q, STM32U5A5RJT6, STM32U5A5RJT6Q, STM32U5A5VJT6, STM32U5A5VJT6Q, STM32U5A5ZJT6, STM32U5A5ZJT6Q, STM32U5A5ZJY6QTR, STM32U5A9BJY6QTR, STM32U5A9J-DK, STM32U5A9NJH6Q, STM32U5A9VJT6Q, STM32U5A9ZJT6Q, STM32U5A9ZJY6QTR, STM32U5F7VIT6, STM32U5F7VIT6Q, STM32U5F7VJT6, STM32U5F7VJT6Q, STM32U5F9BJY6QTR, STM32U5F9NJH6Q, STM32U5F9VIT6Q, STM32U5F9VJT6Q, STM32U5F9ZIJ6QTR, STM32U5F9ZIT6Q, STM32U5F9ZJJ6QTR, STM32U5F9ZJT6Q, STM32U5G7VJT6, STM32U5G7VJT6Q, STM32U5G9BJY6QTR, STM32U5G9J-DK1, STM32U5G9J-DK2, STM32U5G9NJH6Q, STM32U5G9VJT6Q, STM32U5G9ZJJ6QTR, STM32U5G9ZJT6Q, STM32WB1MMCH6, STM32WBA50KEU6, STM32WBA50KEU6TR, STM32WBA50KGU6, STM32WBA50KGU6TR, STM32WBA52CEU6, STM32WBA52CEU6TR, STM32WBA52CEU7, STM32WBA52CEU7TR, STM32WBA52CGU6, STM32WBA52CGU6TR, STM32WBA52CGU6U, STM32WBA52CGU7, STM32WBA52CGU7TR, STM32WBA52KEU6, STM32WBA52KEU6TR, STM32WBA52KGU6, STM32WBA52KGU6TR, STM32WBA54CEU6, STM32WBA54CEU6TR, STM32WBA54CEU7, STM32WBA54CEU7TR, STM32WBA54CGU6, STM32WBA54CGU6TR, STM32WBA54CGU7, STM32WBA54CGU7TR, STM32WBA54KEU6, STM32WBA54KEU6TR, STM32WBA54KEU7, STM32WBA54KEU7TR, STM32WBA54KGU6, STM32WBA54KGU6TR, STM32WBA54KGU7, STM32WBA54KGU7TR, STM32WBA55CEU6, STM32WBA55CEU6TR, STM32WBA55CEU7, STM32WBA55CEU7TR, STM32WBA55CGU6, STM32WBA55CGU6TR, STM32WBA55CGU6U, STM32WBA55CGU7, STM32WBA55CGU7TR, STM32WBA55G-DK1, STM32WBA55HEF6, STM32WBA55HEF7, STM32WBA55HGF6, STM32WBA55HGF7, STM32WBA55UEI6, STM32WBA55UEI6TR, STM32WBA55UEI7, STM32WBA55UEI7TR, STM32WBA55UGI6, STM32WBA55UGI6TR, STM32WBA55UGI7, STM32WBA55UGI7TR, STM32WL5MOCH6, STM32WL5MOCH6TR]
2024-08-23 14:07:31,705 [INFO] DbMcus:218 - Found 4203 MCUs, 4203 are supported
2024-08-23 14:07:31,708 [INFO] ApiDb:423 - Load user favorites file C:\Users\power/.stm32cubeide/favorites.mcus.txt: 0 item(s)
2024-08-23 14:07:31,708 [INFO] ApiDb:427 - User favorites MCUs=[]
2024-08-23 14:07:31,709 [INFO] DbMcus:224 - Set 0 / 0 favorites MCUs
2024-08-23 14:07:32,047 [INFO] ApiDb:668 - CubeFinder database Data Model version=2.1
2024-08-23 14:07:32,047 [INFO] ApiDb:669 - CubeFinder database Configuration version=3.0.39
2024-08-23 14:07:32,047 [INFO] ApiDb:670 - CubeFinder database generation date=2024-08-06 (1722941618)
2024-08-23 14:07:32,047 [INFO] ApiDb:671 - CubeFinder database FW Pack versions=[FP-ATR-ASTRA1_V2.0.0, FP-SNS-FLIGHT1_V5.0.2, FP-SNS-MOTENV1_V5.0.0, FP-SNS-MOTENVWB1_V1.4.0, FP-SNS-SMARTAG2_V1.2.0, FP-SNS-STBOX1_V2.0.0, STM32Cube_FW_C0_V1.2.0, STM32Cube_FW_F4_V1.28.0, STM32Cube_FW_F7_V1.17.2, STM32Cube_FW_G0_V1.6.2, STM32Cube_FW_G4_V1.6.0, STM32Cube_FW_H5_V1.3.0, STM32Cube_FW_H7RS_V1.1.0, STM32Cube_FW_H7_V1.11.2, STM32Cube_FW_L0_V1.12.2, STM32Cube_FW_L5_V1.5.1, STM32Cube_FW_U0_V1.1.0, STM32Cube_FW_U5_V1.6.0, STM32Cube_FW_WB0_V1.0.0, STM32Cube_FW_WBA_V1.4.1, STM32Cube_FW_WB_V1.20.0, STM32Cube_FW_WL_V1.3.0, X-CUBE-ALGOBUILD_V1.4.0, X-CUBE-ALS_V1.0.2, X-CUBE-AZRTOS-F4_V1.1.0, X-CUBE-AZRTOS-F7_V1.1.0, X-CUBE-AZRTOS-G0_V1.1.0, X-CUBE-AZRTOS-G4_V2.0.0, X-CUBE-AZRTOS-H7RS_V1.0.0, X-CUBE-AZRTOS-H7_V3.2.0, X-CUBE-AZRTOS-L4_V2.0.0, X-CUBE-AZRTOS-L5_V1.1.0, X-CUBE-AZRTOS-WB_V2.0.0, X-CUBE-AZRTOS-WL_V2.0.0, X-CUBE-BLE1_V7.0.0, X-CUBE-BLE2_V3.3.0, X-CUBE-BLEMGR_V3.1.0, X-CUBE-EEPRMA1_V5.1.0, X-CUBE-FREERTOS_V1.2.0, X-CUBE-GNSS1_V6.0.0, X-CUBE-MEMS1_V10.0.0, X-CUBE-NFC4_V3.0.0, X-CUBE-NFC7_V1.0.1, X-CUBE-SFXS2LP1_V4.0.0, X-CUBE-SUBG2_V5.0.0, X-CUBE-TOF1_V3.4.2]
2024-08-23 14:07:32,092 [INFO] DbBoardsSqlite:226 - include board P-NUCLEO-WB55-NUCLEO as a kit item of type 'Nucleo-64'
2024-08-23 14:07:32,092 [INFO] DbBoardsSqlite:226 - include board P-NUCLEO-WB55-USBDONGLE as a kit item of type 'Nucleo USB Dongle'
2024-08-23 14:07:32,092 [INFO] DbBoardsSqlite:226 - include board STEVAL-IDP005V1 as a kit item of type 'Evaluation Board'
2024-08-23 14:07:32,092 [INFO] DbBoardsSqlite:226 - include board STEVAL-IDP005V2 as a kit item of type 'Evaluation Board'
2024-08-23 14:07:32,130 [INFO] ApiDb:240 - Found 371 in-development CPN: [B-G473E-ZEST1S, B-WB1M-WPAN1, B-WL5M-SUBG1, NUCLEO-C031C6, NUCLEO-H503RB, NUCLEO-H563ZI, NUCLEO-U545RE-Q, NUCLEO-U5A5ZJ-Q, NUCLEO-WBA52CG, NUCLEO-WBA55CG, STEVAL-MKBOXPRO, STEVAL-PROTEUS1, STEVAL-STWINBX1, STM320518-EVAL, STM32C0116-DK, STM32C011D6Y3TR, STM32C011D6Y6TR, STM32C011F4P3, STM32C011F4P6, STM32C011F4U3, STM32C011F4U6TR, STM32C011F6P3, STM32C011F6P6, STM32C011F6U3, STM32C011F6U6TR, STM32C011J4M3, STM32C011J4M6, STM32C011J6M3, STM32C011J6M6, STM32C0316-DK, STM32C031C4T3, STM32C031C4T6, STM32C031C4U3, STM32C031C4U6, STM32C031C6T3, STM32C031C6T6, STM32C031C6U3, STM32C031C6U6, STM32C031F4P3, STM32C031F4P6, STM32C031F6P3, STM32C031F6P6, STM32C031G4U3, STM32C031G4U6, STM32C031G6U3, STM32C031G6U6, STM32C031K4T3, STM32C031K4T6, STM32C031K4U3, STM32C031K4U6, STM32C031K6T3, STM32C031K6T6, STM32C031K6U3, STM32C031K6U6, STM32G071K8TXN, STM32G071K8UXN, STM32G081GBU6N, STM32G081KBT6N, STM32G081KBUXN, STM32G0B1CCT6N, STM32G0B1KCT6, STM32G0B1NEY6TR, STM32G0B1RCT6N, STM32G0C1CCT6, STM32G0C1CCT6N, STM32G0C1CCU6N, STM32G0C1CET6N, STM32G0C1CEU6N, STM32G0C1KCT6, STM32G0C1NEY6TR, STM32G0C1RCI6N, STM32G0C1RCT6N, STM32G0C1REI6N, STM32G0C1RET6N, STM32G0C1VCI6, STM32G0C1VEI6, STM32G471CCT6, STM32G471CCU6, STM32G471CET3, STM32G471CET6, STM32G471CEU3, STM32G471CEU6, STM32G471MCT6, STM32G471MET3, STM32G471MET6, STM32G471MEY6TR, STM32G471QCT6, STM32G471QET3, STM32G471RCT6, STM32G471RET3, STM32G471RET6, STM32G471VCH6, STM32G471VCI6, STM32G471VCT6, STM32G471VEH3, STM32G471VEH6, STM32G471VEI3, STM32G471VEI6, STM32G471VET3, STM32G471VET6, STM32G474CCT6, STM32H503CBT6, STM32H503CBU6, STM32H503EBY6TR, STM32H503KBU6, STM32H503RBT6, STM32H562AGI6, STM32H562AII6, STM32H562IGK6, STM32H562IGT6, STM32H562IIK6, STM32H562IIT6, STM32H562RGT6, STM32H562RGV6, STM32H562RIT6, STM32H562RIV6, STM32H562VGT6, STM32H562VIT6, STM32H562ZGT6, STM32H562ZIT6, STM32H563AGI6, STM32H563AII3Q, STM32H563AII6, STM32H563IGK6, STM32H563IGT6, STM32H563IIK3Q, STM32H563IIK6, STM32H563IIT3Q, STM32H563IIT6, STM32H563MIY3QTR, STM32H563RGT6, STM32H563RGV6, STM32H563RIT6, STM32H563RIV6, STM32H563VGT6, STM32H563VIT3Q, STM32H563VIT6, STM32H563ZGT6, STM32H563ZIT3Q, STM32H563ZIT6, STM32H573AII3Q, STM32H573AII6, STM32H573I-DK, STM32H573IIK3Q, STM32H573IIK6, STM32H573IIT3Q, STM32H573IIT6, STM32H573MIY3QTR, STM32H573RIT6, STM32H573RIV6, STM32H573VIT3Q, STM32H573VIT6, STM32H573ZIT3Q, STM32H573ZIT6, STM32L4R5QGI6STR, STM32MP131AAE3, STM32MP131AAF3, STM32MP131AAG3, STM32MP131CAE3, STM32MP131CAF3, STM32MP131CAG3, STM32MP131DAE7, STM32MP131DAF7, STM32MP131DAG7, STM32MP131FAE7, STM32MP131FAF7, STM32MP131FAG7, STM32MP133AAE3, STM32MP133AAF3, STM32MP133AAG3, STM32MP133CAE3, STM32MP133CAF3, STM32MP133CAG3, STM32MP133DAE7, STM32MP133DAF7, STM32MP133DAG7, STM32MP133FAE7, STM32MP133FAF7, STM32MP133FAG7, STM32MP135AAE3, STM32MP135AAF3, STM32MP135AAG3, STM32MP135CAE3, STM32MP135CAF3, STM32MP135CAG3, STM32MP135DAE7, STM32MP135DAF7, STM32MP135DAG7, STM32MP135F-DK, STM32MP135FAE7, STM32MP135FAF7, STM32MP135FAF7T, STM32MP135FAF7U, STM32MP135FAG7, STM32U535CBT6, STM32U535CBT6Q, STM32U535CBU6, STM32U535CBU6Q, STM32U535CCT6, STM32U535CCT6Q, STM32U535CCU6, STM32U535CCU6Q, STM32U535CET6, STM32U535CET6Q, STM32U535CEU6, STM32U535CEU6Q, STM32U535JEY6QTR, STM32U535NCY6QTR, STM32U535NEY6QTR, STM32U535RBI6, STM32U535RBI6Q, STM32U535RBT6, STM32U535RBT6Q, STM32U535RCI6, STM32U535RCI6Q, STM32U535RCT6, STM32U535RCT6Q, STM32U535REI6, STM32U535REI6Q, STM32U535RET6, STM32U535RET6Q, STM32U535VCI6, STM32U535VCI6Q, STM32U535VCT6, STM32U535VCT6Q, STM32U535VEI6, STM32U535VEI6Q, STM32U535VET6, STM32U535VET6Q, STM32U545CET6, STM32U545CET6Q, STM32U545CEU6, STM32U545CEU6Q, STM32U545JEY6QTR, STM32U545NEY6QTR, STM32U545REI6, STM32U545REI6Q, STM32U545RET6, STM32U545RET6Q, STM32U545VEI6, STM32U545VEI6Q, STM32U545VET6, STM32U545VET6Q, STM32U595AIH6, STM32U595AIH6Q, STM32U595AJH6, STM32U595AJH6Q, STM32U595QII6, STM32U595QII6Q, STM32U595QJI6, STM32U595QJI6Q, STM32U595RIT6, STM32U595RIT6Q, STM32U595RJT6, STM32U595RJT6Q, STM32U595VIT6, STM32U595VIT6Q, STM32U595VJT6, STM32U595VJT6Q, STM32U595ZIT6, STM32U595ZIT6Q, STM32U595ZIY6QTR, STM32U595ZJT6, STM32U595ZJT6Q, STM32U595ZJY6QTR, STM32U599BJY6QTR, STM32U599NIH6Q, STM32U599NJH6Q, STM32U599VIT6Q, STM32U599VJT6, STM32U599VJT6Q, STM32U599ZIT6Q, STM32U599ZIY6QTR, STM32U599ZJT6Q, STM32U599ZJY6QTR, STM32U5A5AJH6, STM32U5A5AJH6Q, STM32U5A5QJI6, STM32U5A5QJI6Q, STM32U5A5RJT6, STM32U5A5RJT6Q, STM32U5A5VJT6, STM32U5A5VJT6Q, STM32U5A5ZJT6, STM32U5A5ZJT6Q, STM32U5A5ZJY6QTR, STM32U5A9BJY6QTR, STM32U5A9J-DK, STM32U5A9NJH6Q, STM32U5A9VJT6Q, STM32U5A9ZJT6Q, STM32U5A9ZJY6QTR, STM32U5F7VIT6, STM32U5F7VIT6Q, STM32U5F7VJT6, STM32U5F7VJT6Q, STM32U5F9BJY6QTR, STM32U5F9NJH6Q, STM32U5F9VIT6Q, STM32U5F9VJT6Q, STM32U5F9ZIJ6QTR, STM32U5F9ZIT6Q, STM32U5F9ZJJ6QTR, STM32U5F9ZJT6Q, STM32U5G7VJT6, STM32U5G7VJT6Q, STM32U5G9BJY6QTR, STM32U5G9J-DK1, STM32U5G9J-DK2, STM32U5G9NJH6Q, STM32U5G9VJT6Q, STM32U5G9ZJJ6QTR, STM32U5G9ZJT6Q, STM32WB1MMCH6, STM32WBA50KEU6, STM32WBA50KEU6TR, STM32WBA50KGU6, STM32WBA50KGU6TR, STM32WBA52CEU6, STM32WBA52CEU6TR, STM32WBA52CEU7, STM32WBA52CEU7TR, STM32WBA52CGU6, STM32WBA52CGU6TR, STM32WBA52CGU6U, STM32WBA52CGU7, STM32WBA52CGU7TR, STM32WBA52KEU6, STM32WBA52KEU6TR, STM32WBA52KGU6, STM32WBA52KGU6TR, STM32WBA54CEU6, STM32WBA54CEU6TR, STM32WBA54CEU7, STM32WBA54CEU7TR, STM32WBA54CGU6, STM32WBA54CGU6TR, STM32WBA54CGU7, STM32WBA54CGU7TR, STM32WBA54KEU6, STM32WBA54KEU6TR, STM32WBA54KEU7, STM32WBA54KEU7TR, STM32WBA54KGU6, STM32WBA54KGU6TR, STM32WBA54KGU7, STM32WBA54KGU7TR, STM32WBA55CEU6, STM32WBA55CEU6TR, STM32WBA55CEU7, STM32WBA55CEU7TR, STM32WBA55CGU6, STM32WBA55CGU6TR, STM32WBA55CGU6U, STM32WBA55CGU7, STM32WBA55CGU7TR, STM32WBA55G-DK1, STM32WBA55HEF6, STM32WBA55HEF7, STM32WBA55HGF6, STM32WBA55HGF7, STM32WBA55UEI6, STM32WBA55UEI6TR, STM32WBA55UEI7, STM32WBA55UEI7TR, STM32WBA55UGI6, STM32WBA55UGI6TR, STM32WBA55UGI7, STM32WBA55UGI7TR, STM32WL5MOCH6, STM32WL5MOCH6TR]
2024-08-23 14:07:32,301 [INFO] BoardInfo:889 - No configuration file found for board NUCLEO-H533RE
2024-08-23 14:07:32,301 [INFO] DbBoards:161 - Board is not supported: NUCLEO-H533RE
2024-08-23 14:07:32,309 [INFO] BoardInfo:889 - No configuration file found for board NUCLEO-H7S3L8
2024-08-23 14:07:32,309 [INFO] DbBoards:161 - Board is not supported: NUCLEO-H7S3L8
2024-08-23 14:07:32,330 [INFO] BoardInfo:889 - No configuration file found for board NUCLEO-U031R8
2024-08-23 14:07:32,330 [INFO] DbBoards:161 - Board is not supported: NUCLEO-U031R8
2024-08-23 14:07:32,331 [INFO] BoardInfo:889 - No configuration file found for board NUCLEO-U083RC
2024-08-23 14:07:32,332 [INFO] DbBoards:161 - Board is not supported: NUCLEO-U083RC
2024-08-23 14:07:32,335 [INFO] BoardInfo:889 - No configuration file found for board NUCLEO-WB05KZ
2024-08-23 14:07:32,335 [INFO] DbBoards:161 - Board is not supported: NUCLEO-WB05KZ
2024-08-23 14:07:32,336 [INFO] BoardInfo:889 - No configuration file found for board NUCLEO-WB07CC
2024-08-23 14:07:32,336 [INFO] DbBoards:161 - Board is not supported: NUCLEO-WB07CC
2024-08-23 14:07:32,337 [INFO] BoardInfo:889 - No configuration file found for board NUCLEO-WB09KE
2024-08-23 14:07:32,337 [INFO] DbBoards:161 - Board is not supported: NUCLEO-WB09KE
2024-08-23 14:07:32,346 [INFO] BoardInfo:889 - No configuration file found for board P-NUCLEO-WB55
2024-08-23 14:07:32,346 [INFO] DbBoards:161 - Kit is not supported: P-NUCLEO-WB55
2024-08-23 14:07:32,351 [INFO] BoardInfo:889 - No configuration file found for board STEVAL-BFA001V1B
2024-08-23 14:07:32,351 [INFO] DbBoards:161 - Kit is not supported: STEVAL-BFA001V1B
2024-08-23 14:07:32,352 [INFO] BoardInfo:889 - No configuration file found for board STEVAL-BFA001V2B
2024-08-23 14:07:32,352 [INFO] DbBoards:161 - Kit is not supported: STEVAL-BFA001V2B
2024-08-23 14:07:32,435 [INFO] BoardInfo:889 - No configuration file found for board STM32H7S78-DK
2024-08-23 14:07:32,435 [INFO] DbBoards:161 - Board is not supported: STM32H7S78-DK
2024-08-23 14:07:32,472 [INFO] BoardInfo:889 - No configuration file found for board STM32MP257F-DK
2024-08-23 14:07:32,473 [INFO] DbBoards:161 - Board is not supported: STM32MP257F-DK
2024-08-23 14:07:32,474 [INFO] BoardInfo:889 - No configuration file found for board STM32MP257F-EV1
2024-08-23 14:07:32,474 [INFO] DbBoards:161 - Board is not supported: STM32MP257F-EV1
2024-08-23 14:07:32,475 [INFO] BoardInfo:889 - No configuration file found for board STM32U083C-DK
2024-08-23 14:07:32,475 [INFO] DbBoards:161 - Board is not supported: STM32U083C-DK
2024-08-23 14:07:32,485 [INFO] DbBoards:168 - Found 200 boards, 186 are supported
2024-08-23 14:07:32,486 [INFO] DbBoards:169 - Found 200 boards, 3 of them is supported for  Bsp
2024-08-23 14:07:32,489 [INFO] ApiDb:423 - Load user favorites file C:\Users\power/.stm32cubeide/favorites.boards.txt: 0 item(s)
2024-08-23 14:07:32,489 [INFO] ApiDb:427 - User favorites Boards=[]
2024-08-23 14:07:32,489 [INFO] DbBoards:198 - Set 0 / 0 favorites Boards
2024-08-23 14:07:32,491 [INFO] ApiDb:668 - CubeFinder database Data Model version=2.1
2024-08-23 14:07:32,491 [INFO] ApiDb:669 - CubeFinder database Configuration version=3.0.39
2024-08-23 14:07:32,491 [INFO] ApiDb:670 - CubeFinder database generation date=2024-08-06 (1722941618)
2024-08-23 14:07:32,491 [INFO] ApiDb:671 - CubeFinder database FW Pack versions=[FP-ATR-ASTRA1_V2.0.0, FP-SNS-FLIGHT1_V5.0.2, FP-SNS-MOTENV1_V5.0.0, FP-SNS-MOTENVWB1_V1.4.0, FP-SNS-SMARTAG2_V1.2.0, FP-SNS-STBOX1_V2.0.0, STM32Cube_FW_C0_V1.2.0, STM32Cube_FW_F4_V1.28.0, STM32Cube_FW_F7_V1.17.2, STM32Cube_FW_G0_V1.6.2, STM32Cube_FW_G4_V1.6.0, STM32Cube_FW_H5_V1.3.0, STM32Cube_FW_H7RS_V1.1.0, STM32Cube_FW_H7_V1.11.2, STM32Cube_FW_L0_V1.12.2, STM32Cube_FW_L5_V1.5.1, STM32Cube_FW_U0_V1.1.0, STM32Cube_FW_U5_V1.6.0, STM32Cube_FW_WB0_V1.0.0, STM32Cube_FW_WBA_V1.4.1, STM32Cube_FW_WB_V1.20.0, STM32Cube_FW_WL_V1.3.0, X-CUBE-ALGOBUILD_V1.4.0, X-CUBE-ALS_V1.0.2, X-CUBE-AZRTOS-F4_V1.1.0, X-CUBE-AZRTOS-F7_V1.1.0, X-CUBE-AZRTOS-G0_V1.1.0, X-CUBE-AZRTOS-G4_V2.0.0, X-CUBE-AZRTOS-H7RS_V1.0.0, X-CUBE-AZRTOS-H7_V3.2.0, X-CUBE-AZRTOS-L4_V2.0.0, X-CUBE-AZRTOS-L5_V1.1.0, X-CUBE-AZRTOS-WB_V2.0.0, X-CUBE-AZRTOS-WL_V2.0.0, X-CUBE-BLE1_V7.0.0, X-CUBE-BLE2_V3.3.0, X-CUBE-BLEMGR_V3.1.0, X-CUBE-EEPRMA1_V5.1.0, X-CUBE-FREERTOS_V1.2.0, X-CUBE-GNSS1_V6.0.0, X-CUBE-MEMS1_V10.0.0, X-CUBE-NFC4_V3.0.0, X-CUBE-NFC7_V1.0.1, X-CUBE-SFXS2LP1_V4.0.0, X-CUBE-SUBG2_V5.0.0, X-CUBE-TOF1_V3.4.2]
2024-08-23 14:07:33,116 [ERROR] DbExamplesSqlite:437 - Missing JSON key: board_cpn
2024-08-23 14:07:33,116 [ERROR] DbExamplesSqlite:437 - Missing JSON key: board_cpn
2024-08-23 14:07:33,116 [ERROR] DbExamplesSqlite:437 - Missing JSON key: board_cpn
2024-08-23 14:07:33,116 [ERROR] DbExamplesSqlite:437 - Missing JSON key: board_cpn
2024-08-23 14:07:33,242 [ERROR] DbExamplesSqlite:437 - Missing JSON key: board_cpn
2024-08-23 14:07:33,243 [ERROR] DbExamplesSqlite:437 - Missing JSON key: board_cpn
2024-08-23 14:07:33,243 [ERROR] DbExamplesSqlite:437 - Missing JSON key: board_cpn
2024-08-23 14:07:33,243 [ERROR] DbExamplesSqlite:437 - Missing JSON key: board_cpn
2024-08-23 14:07:33,243 [ERROR] DbExamplesSqlite:437 - Missing JSON key: board_cpn
2024-08-23 14:07:33,244 [ERROR] DbExamplesSqlite:437 - Missing JSON key: board_cpn
2024-08-23 14:07:33,244 [ERROR] DbExamplesSqlite:437 - Missing JSON key: board_cpn
2024-08-23 14:07:33,244 [ERROR] DbExamplesSqlite:437 - Missing JSON key: board_cpn
2024-08-23 14:07:33,244 [ERROR] DbExamplesSqlite:437 - Missing JSON key: board_cpn
2024-08-23 14:07:33,245 [INFO] DbExamplesSqlite:395 - Ignored 28 examples not supported by CubeIDE
2024-08-23 14:07:33,245 [INFO] DbExamplesSqlite:396 - Found 8608 examples active
2024-08-23 14:07:33,245 [INFO] DbExamplesSqlite:397 - Found 0 examples obsolete
2024-08-23 14:07:33,245 [INFO] DbExamplesSqlite:398 - Found 0 examples under development
2024-08-23 14:07:33,245 [INFO] DbExamplesSqlite:399 - Found 10 examples not building
2024-08-23 14:07:33,248 [INFO] DbExamples:125 - Found 8590 examples
2024-08-23 14:07:33,335 [ERROR] DbExamples:208 - Found 308 examples with invalid data (board or MCU)
2024-08-23 14:07:33,336 [INFO] DbExamples:222 - Found 107 boards with related examples
2024-08-23 14:07:33,337 [INFO] DbExamples:235 - Found 86 MCUs with related examples
2024-08-23 14:07:33,362 [INFO] ApiDb:414 - User favorites file not found: C:\Users\power/.stm32cubeide/favorites.examples.txt
2024-08-23 14:07:33,362 [INFO] DbExamples:250 - Set 0 / 0 favorites Examples
2024-08-23 14:07:33,761 [INFO] McuFinderGlobals:76 - Set McuFinderConnectedMode to true
2024-08-23 14:07:33,770 [INFO] MultiScanPanel:200 - Auto-refresh data requested => check proxy status ongoing
2024-08-23 14:07:33,773 [INFO] FinderPluginLoader:95 - Searching for filters in installed packs
2024-08-23 14:07:35,264 [INFO] LoadUrlFilesThread:185 - End of LoadServerUrlFiles without Thread
2024-08-23 14:07:35,279 [INFO] DetailPanel:341 - Set advertising image to C:/Users/power/STM32Cube/Repository/\en.prom-stm32h7rs-mcu-finder.jpg
2024-08-23 14:20:39,723 [INFO] MainUpdater:2873 - connection check result : 10
2024-08-23 14:20:39,724 [INFO] MainUpdater:2873 - connection check result : 10
2024-08-23 14:20:39,765 [INFO] MicroXplorer:468 - Change Database Path : 
2024-08-23 14:20:39,765 [INFO] MicroXplorer:498 - Change Database Version : DB.6.0.100
2024-08-23 14:20:39,773 [WARN] ThirdParty:871 - waiting for thirdparty lock release [close project]
2024-08-23 14:20:39,773 [INFO] ThirdParty:873 - entering critical section [close project]
2024-08-23 14:20:39,774 [INFO] ThirdParty:883 - exiting critical section [close project]
2024-08-23 14:20:39,775 [INFO] PinOutPanel:1499 - setPackage(No Configuration,No Configuration)
2024-08-23 14:20:39,780 [INFO] UtilMem:75 - Begin LoadConfig() Used Memory: 766328680 Bytes (1073741824)
2024-08-23 14:20:39,782 [INFO] MicroXplorer:468 - Change Database Path : 
2024-08-23 14:20:39,782 [INFO] MicroXplorer:498 - Change Database Version : DB.6.0.100
2024-08-23 14:20:39,783 [INFO] OpenFileManager:312 - Change cursor
2024-08-23 14:20:39,799 [WARN] IntegrityCheckThread:84 - waiting for thirdparty lock release [integrity check]
2024-08-23 14:20:39,799 [INFO] IntegrityCheckThread:86 - entering critical section [integrity check]
2024-08-23 14:20:40,077 [WARN] PackLoader:240 - Cannot read IP mode file for STMicroelectronics.FP-SNS-MOTENVWB1.1.4.0
2024-08-23 14:20:40,095 [WARN] PackLoader:240 - Cannot read IP mode file for STMicroelectronics.X-CUBE-SMBUS.2.1.0
2024-08-23 14:20:40,114 [WARN] PackLoader:240 - Cannot read IP mode file for STMicroelectronics.X-CUBE-TOUCHGFX.4.23.0
2024-08-23 14:20:40,129 [WARN] PackLoader:240 - Cannot read IP mode file for STMicroelectronics.X-CUBE-TOUCHGFX.4.23.2
2024-08-23 14:20:40,284 [WARN] PackLoader:240 - Cannot read IP mode file for STMicroelectronics.X-CUBE-AZRTOS-F7.1.1.0
2024-08-23 14:20:40,305 [WARN] PackLoader:240 - Cannot read IP mode file for STMicroelectronics.FP-SNS-MOTENV1.4.3.2
2024-08-23 14:20:40,417 [WARN] PackLoader:240 - Cannot read IP mode file for STMicroelectronics.X-CUBE-MEMS1.11.0.0
2024-08-23 14:20:40,562 [WARN] PackLoader:240 - Cannot read IP mode file for STMicroelectronics.FP-SNS-FLIGHT1.5.0.2
2024-08-23 14:20:40,582 [WARN] PackLoader:240 - Cannot read IP mode file for STMicroelectronics.X-CUBE-DISPLAY.3.0.0
2024-08-23 14:20:40,605 [WARN] PackLoader:240 - Cannot read IP mode file for STMicroelectronics.X-CUBE-BLE1.7.0.0
2024-08-23 14:20:40,623 [WARN] PackLoader:240 - Cannot read IP mode file for emotas.I-CUBE-CANOPEN.1.3.0
2024-08-23 14:20:40,638 [WARN] PackLoader:240 - Cannot read IP mode file for STMicroelectronics.X-CUBE-TOUCHGFX.4.22.1
2024-08-23 14:20:40,658 [WARN] PackLoader:240 - Cannot read IP mode file for STMicroelectronics.X-CUBE-BLEMGR.3.1.0
2024-08-23 14:20:40,678 [WARN] PackLoader:240 - Cannot read IP mode file for STMicroelectronics.FP-SNS-SMARTAG2.1.2.0
2024-08-23 14:20:40,705 [INFO] LogOutputStream:77 - [STDOUT_REDIRECT] 1 : Invalid condition id : UX_CORESTACK_Condition cause : null
2024-08-23 14:20:40,706 [INFO] LogOutputStream:77 - [STDOUT_REDIRECT] 1 : Invalid condition id : UX_CORESTACK_Condition cause : null
2024-08-23 14:20:40,707 [INFO] LogOutputStream:77 - [STDOUT_REDIRECT] 1 : Invalid condition id : UX_CORESTACK_Condition cause : null
2024-08-23 14:20:40,708 [INFO] LogOutputStream:77 - [STDOUT_REDIRECT] 1 : Invalid condition id : UX_CORESTACK_Condition cause : null
2024-08-23 14:20:40,710 [INFO] LogOutputStream:77 - [STDOUT_REDIRECT] 1 : Invalid condition id : UX_CORESTACK_Condition cause : null
2024-08-23 14:20:40,714 [WARN] PackLoader:240 - Cannot read IP mode file for STMicroelectronics.X-CUBE-AZRTOS-WL.2.0.0
2024-08-23 14:20:40,730 [WARN] PackLoader:240 - Cannot read IP mode file for STMicroelectronics.FP-SNS-MOTENV1.5.0.0
2024-08-23 14:20:40,748 [WARN] PackLoader:240 - Cannot read IP mode file for wolfSSL.I-CUBE-wolfMQTT.1.19.0
2024-08-23 14:20:40,767 [WARN] PackLoader:240 - Cannot read IP mode file for WES.I-CUBE-Cesium.1.3.0
2024-08-23 14:20:40,782 [WARN] PackLoader:240 - Cannot read IP mode file for STMicroelectronics.X-CUBE-BLE2.3.3.0
2024-08-23 14:20:40,859 [WARN] PackLoader:240 - Cannot read IP mode file for STMicroelectronics.X-CUBE-TCPP.4.1.0
2024-08-23 14:20:40,882 [WARN] PackLoader:240 - Cannot read IP mode file for STMicroelectronics.X-CUBE-ALGOBUILD.1.3.0
2024-08-23 14:20:40,949 [WARN] PackLoader:240 - Cannot read IP mode file for STMicroelectronics.X-CUBE-AZRTOS-G0.1.1.0
2024-08-23 14:20:40,970 [WARN] PackLoader:240 - Cannot read IP mode file for STMicroelectronics.X-CUBE-SAFEA1.1.2.2
2024-08-23 14:20:40,987 [WARN] PackLoader:240 - Cannot read IP mode file for STMicroelectronics.X-CUBE-NFC4.3.0.0
2024-08-23 14:20:41,010 [WARN] PackLoader:240 - Cannot read IP mode file for EmbeddedOffice.I-CUBE-FS-RTOS.1.0.1
2024-08-23 14:20:41,010 [ERROR] ConditionMgr:805 - Attr not supported : Dmpu
2024-08-23 14:20:41,010 [ERROR] ConditionMgr:805 - Attr not supported : Dmpu
2024-08-23 14:20:41,010 [ERROR] ConditionMgr:805 - Attr not supported : Dmpu
2024-08-23 14:20:41,010 [ERROR] ConditionMgr:805 - Attr not supported : Dmpu
2024-08-23 14:20:41,010 [ERROR] ConditionMgr:805 - Attr not supported : Dmpu
2024-08-23 14:20:41,010 [ERROR] ConditionMgr:805 - Attr not supported : Dmpu
2024-08-23 14:20:41,010 [ERROR] ConditionMgr:805 - Attr not supported : Dmpu
2024-08-23 14:20:41,010 [ERROR] ConditionMgr:805 - Attr not supported : Dmpu
2024-08-23 14:20:41,011 [ERROR] ConditionMgr:805 - Attr not supported : Dmpu
2024-08-23 14:20:41,011 [ERROR] ConditionMgr:805 - Attr not supported : Dmpu
2024-08-23 14:20:41,011 [ERROR] ConditionMgr:805 - Attr not supported : Dmpu
2024-08-23 14:20:41,011 [ERROR] ConditionMgr:805 - Attr not supported : Dmpu
2024-08-23 14:20:41,011 [ERROR] ConditionMgr:805 - Attr not supported : Dmpu
2024-08-23 14:20:41,011 [ERROR] ConditionMgr:805 - Attr not supported : Dmpu
2024-08-23 14:20:41,011 [ERROR] ConditionMgr:805 - Attr not supported : Dmpu
2024-08-23 14:20:41,011 [ERROR] ConditionMgr:805 - Attr not supported : Dmpu
2024-08-23 14:20:41,011 [ERROR] ConditionMgr:805 - Attr not supported : Dmpu
2024-08-23 14:20:41,011 [ERROR] ConditionMgr:805 - Attr not supported : Dmpu
2024-08-23 14:20:41,011 [ERROR] ConditionMgr:805 - Attr not supported : Dmpu
2024-08-23 14:20:41,011 [ERROR] ConditionMgr:805 - Attr not supported : Dmpu
2024-08-23 14:20:41,011 [ERROR] ConditionMgr:805 - Attr not supported : Dmpu
2024-08-23 14:20:41,011 [ERROR] ConditionMgr:805 - Attr not supported : Dmpu
2024-08-23 14:20:41,011 [ERROR] ConditionMgr:805 - Attr not supported : Dmpu
2024-08-23 14:20:41,011 [ERROR] ConditionMgr:805 - Attr not supported : Dmpu
2024-08-23 14:20:41,011 [ERROR] ConditionMgr:805 - Attr not supported : Dmpu
2024-08-23 14:20:41,012 [ERROR] ConditionMgr:805 - Attr not supported : Dmpu
2024-08-23 14:20:41,012 [ERROR] ConditionMgr:805 - Attr not supported : Dmpu
2024-08-23 14:20:41,012 [ERROR] ConditionMgr:805 - Attr not supported : Dmpu
2024-08-23 14:20:41,012 [ERROR] ConditionMgr:805 - Attr not supported : Dmpu
2024-08-23 14:20:41,012 [ERROR] ConditionMgr:805 - Attr not supported : Dmpu
2024-08-23 14:20:41,012 [ERROR] ConditionMgr:805 - Attr not supported : Dmpu
2024-08-23 14:20:41,012 [ERROR] ConditionMgr:805 - Attr not supported : Dmpu
2024-08-23 14:20:41,012 [ERROR] ConditionMgr:805 - Attr not supported : Dmpu
2024-08-23 14:20:41,012 [ERROR] ConditionMgr:805 - Attr not supported : Dmpu
2024-08-23 14:20:41,012 [ERROR] ConditionMgr:805 - Attr not supported : Dmpu
2024-08-23 14:20:41,012 [ERROR] ConditionMgr:805 - Attr not supported : Dmpu
2024-08-23 14:20:41,013 [ERROR] ConditionMgr:805 - Attr not supported : Dmpu
2024-08-23 14:20:41,013 [ERROR] ConditionMgr:805 - Attr not supported : Dmpu
2024-08-23 14:20:41,014 [ERROR] ConditionMgr:805 - Attr not supported : Dmpu
2024-08-23 14:20:41,014 [ERROR] ConditionMgr:805 - Attr not supported : Dmpu
2024-08-23 14:20:41,015 [ERROR] ConditionMgr:805 - Attr not supported : Dmpu
2024-08-23 14:20:41,015 [ERROR] ConditionMgr:805 - Attr not supported : Dmpu
2024-08-23 14:20:41,015 [ERROR] ConditionMgr:805 - Attr not supported : Dmpu
2024-08-23 14:20:41,015 [ERROR] ConditionMgr:805 - Attr not supported : Dmpu
2024-08-23 14:20:41,015 [ERROR] ConditionMgr:805 - Attr not supported : Dmpu
2024-08-23 14:20:41,015 [ERROR] ConditionMgr:805 - Attr not supported : Dmpu
2024-08-23 14:20:41,015 [ERROR] ConditionMgr:805 - Attr not supported : Dmpu
2024-08-23 14:20:41,015 [ERROR] ConditionMgr:805 - Attr not supported : Dmpu
2024-08-23 14:20:41,015 [ERROR] ConditionMgr:805 - Attr not supported : Dmpu
2024-08-23 14:20:41,015 [ERROR] ConditionMgr:805 - Attr not supported : Dmpu
2024-08-23 14:20:41,015 [ERROR] ConditionMgr:805 - Attr not supported : Dmpu
2024-08-23 14:20:41,015 [ERROR] ConditionMgr:805 - Attr not supported : Dmpu
2024-08-23 14:20:41,016 [ERROR] ConditionMgr:805 - Attr not supported : Dmpu
2024-08-23 14:20:41,016 [ERROR] ConditionMgr:805 - Attr not supported : Dmpu
2024-08-23 14:20:41,016 [ERROR] ConditionMgr:805 - Attr not supported : Dmpu
2024-08-23 14:20:41,016 [ERROR] ConditionMgr:805 - Attr not supported : Dmpu
2024-08-23 14:20:41,016 [ERROR] ConditionMgr:805 - Attr not supported : Dmpu
2024-08-23 14:20:41,016 [ERROR] ConditionMgr:805 - Attr not supported : Dmpu
2024-08-23 14:20:41,016 [ERROR] ConditionMgr:805 - Attr not supported : Dmpu
2024-08-23 14:20:41,016 [ERROR] ConditionMgr:805 - Attr not supported : Dmpu
2024-08-23 14:20:41,016 [ERROR] ConditionMgr:805 - Attr not supported : Dmpu
2024-08-23 14:20:41,016 [ERROR] ConditionMgr:805 - Attr not supported : Dmpu
2024-08-23 14:20:41,016 [ERROR] ConditionMgr:805 - Attr not supported : Dmpu
2024-08-23 14:20:41,016 [ERROR] ConditionMgr:805 - Attr not supported : Dmpu
2024-08-23 14:20:41,035 [WARN] PackLoader:240 - Cannot read IP mode file for STMicroelectronics.X-CUBE-BLEMGR.3.0.0
2024-08-23 14:20:41,052 [WARN] PackLoader:240 - Cannot read IP mode file for RealThread.X-CUBE-RT-Thread_Nano.4.1.1
2024-08-23 14:20:41,066 [WARN] PackLoader:240 - Cannot read IP mode file for STMicroelectronics.FP-ATR-SIGFOX1.3.2.0
2024-08-23 14:20:41,082 [WARN] PackLoader:240 - Cannot read IP mode file for STMicroelectronics.X-CUBE-EEPRMA1.5.1.0
2024-08-23 14:20:41,128 [WARN] PackLoader:240 - Cannot read IP mode file for SEGGER.I-CUBE-embOS.1.3.1
2024-08-23 14:20:41,244 [WARN] PackLoader:240 - Cannot read IP mode file for STMicroelectronics.X-CUBE-ALGOBUILD.1.4.0
2024-08-23 14:20:41,262 [WARN] PackLoader:240 - Cannot read IP mode file for STMicroelectronics.X-CUBE-GNSS1.6.0.0
2024-08-23 14:20:41,295 [WARN] PackLoader:240 - Cannot read IP mode file for STMicroelectronics.X-CUBE-AZRTOS-F4.1.1.0
2024-08-23 14:20:41,310 [WARN] PackLoader:240 - Cannot read IP mode file for wolfSSL.I-CUBE-wolfSSL.5.6.4
2024-08-23 14:20:41,323 [WARN] PackLoader:240 - Cannot read IP mode file for STMicroelectronics.X-CUBE-FREERTOS.1.2.0
2024-08-23 14:20:41,335 [WARN] PackLoader:240 - Cannot read IP mode file for wolfSSL.I-CUBE-wolfSSL.5.6.6
2024-08-23 14:20:41,372 [WARN] PackLoader:240 - Cannot read IP mode file for STMicroelectronics.X-CUBE-AZRTOS-L5.2.0.0
2024-08-23 14:20:41,386 [WARN] PackLoader:240 - Cannot read IP mode file for STMicroelectronics.X-CUBE-EEPRMA1.4.2.0
2024-08-23 14:20:41,402 [WARN] PackLoader:240 - Cannot read IP mode file for STMicroelectronics.X-CUBE-NFC6.3.1.0
2024-08-23 14:20:41,420 [WARN] PackLoader:240 - Cannot read IP mode file for ITTIA_DB.I-CUBE-ITTIADB.8.8.0
2024-08-23 14:20:41,439 [WARN] PackLoader:240 - Cannot read IP mode file for STMicroelectronics.X-CUBE-DPower.1.2.0
2024-08-23 14:20:41,452 [WARN] PackLoader:240 - Cannot read IP mode file for STMicroelectronics.X-CUBE-AI.9.0.0
2024-08-23 14:20:41,477 [WARN] ConditionMgr:438 - getConditionDescription Invalid condition id : UX DEVICE CLASS RTOS Condition cause : null
2024-08-23 14:20:41,477 [WARN] ConditionMgr:438 - getConditionDescription Invalid condition id : UX DEVICE CLASS RTOS Condition cause : null
2024-08-23 14:20:41,479 [WARN] PackLoader:240 - Cannot read IP mode file for STMicroelectronics.X-CUBE-AZRTOS-H7.3.1.0
2024-08-23 14:20:41,480 [WARN] ConditionMgr:1039 - genDependencies : Invalid condition id : UX DEVICE CLASS RTOS Condition cause : null
2024-08-23 14:20:41,480 [WARN] ConditionMgr:1039 - genDependencies : Invalid condition id : UX DEVICE CLASS RTOS Condition cause : null
2024-08-23 14:20:41,481 [WARN] ConditionMgr:1039 - genDependencies : Invalid condition id : UX DEVICE CLASS RTOS Condition cause : null
2024-08-23 14:20:41,481 [WARN] ConditionMgr:1039 - genDependencies : Invalid condition id : UX DEVICE CLASS RTOS Condition cause : null
2024-08-23 14:20:41,481 [WARN] ConditionMgr:1039 - genDependencies : Invalid condition id : UX DEVICE CLASS RTOS Condition cause : null
2024-08-23 14:20:41,495 [WARN] PackLoader:240 - Cannot read IP mode file for STMicroelectronics.X-CUBE-NFC7.1.0.1
2024-08-23 14:20:41,507 [WARN] PackLoader:240 - Cannot read IP mode file for wolfSSL.I-CUBE-wolfTPM.3.2.0
2024-08-23 14:20:41,521 [WARN] PackLoader:240 - Cannot read IP mode file for STMicroelectronics.X-CUBE-NFC6.3.0.0
2024-08-23 14:20:41,535 [WARN] PackLoader:240 - Cannot read IP mode file for STMicroelectronics.X-CUBE-AI.8.1.0
2024-08-23 14:20:41,560 [WARN] ConditionMgr:438 - getConditionDescription Invalid condition id : LAN8742 Phy interface Condition cause : null
2024-08-23 14:20:41,561 [WARN] PackLoader:240 - Cannot read IP mode file for STMicroelectronics.X-CUBE-AZRTOS-L4.2.0.0
2024-08-23 14:20:41,562 [WARN] ConditionMgr:1039 - genDependencies : Invalid condition id : LAN8742 Phy interface Condition cause : null
2024-08-23 14:20:41,562 [WARN] ConditionMgr:1039 - genDependencies : Invalid condition id : LAN8742 Phy interface Condition cause : null
2024-08-23 14:20:41,563 [WARN] ConditionMgr:1039 - genDependencies : Invalid condition id : LAN8742 Phy interface Condition cause : null
2024-08-23 14:20:41,582 [WARN] PackLoader:240 - Cannot read IP mode file for STMicroelectronics.X-CUBE-SFXS2LP1.4.0.0
2024-08-23 14:20:41,594 [WARN] PackLoader:240 - Cannot read IP mode file for STMicroelectronics.X-CUBE-ISPU.1.1.0
2024-08-23 14:20:41,622 [WARN] PackLoader:240 - Cannot read IP mode file for STMicroelectronics.X-CUBE-AZRTOS-H7.3.3.0
2024-08-23 14:20:41,651 [WARN] ConditionMgr:438 - getConditionDescription Invalid condition id : UX DEVICE CLASS RTOS Condition cause : null
2024-08-23 14:20:41,651 [WARN] ConditionMgr:438 - getConditionDescription Invalid condition id : UX DEVICE CLASS RTOS Condition cause : null
2024-08-23 14:20:41,653 [WARN] PackLoader:240 - Cannot read IP mode file for STMicroelectronics.X-CUBE-AZRTOS-WB.2.0.0
2024-08-23 14:20:41,653 [WARN] ConditionMgr:1039 - genDependencies : Invalid condition id : UX DEVICE CLASS RTOS Condition cause : null
2024-08-23 14:20:41,653 [WARN] ConditionMgr:1039 - genDependencies : Invalid condition id : UX DEVICE CLASS RTOS Condition cause : null
2024-08-23 14:20:41,653 [WARN] ConditionMgr:1039 - genDependencies : Invalid condition id : UX DEVICE CLASS RTOS Condition cause : null
2024-08-23 14:20:41,653 [WARN] ConditionMgr:1039 - genDependencies : Invalid condition id : UX DEVICE CLASS RTOS Condition cause : null
2024-08-23 14:20:41,653 [WARN] ConditionMgr:1039 - genDependencies : Invalid condition id : UX DEVICE CLASS RTOS Condition cause : null
2024-08-23 14:20:41,668 [WARN] PackLoader:240 - Cannot read IP mode file for STMicroelectronics.FP-SNS-STBOX1.2.0.0
2024-08-23 14:20:41,693 [WARN] PackLoader:240 - Cannot read IP mode file for STMicroelectronics.X-CUBE-SUBG2.5.0.0
2024-08-23 14:20:41,707 [WARN] PackLoader:240 - Cannot read IP mode file for Cesanta.I-CUBE-Mongoose.7.13.0
2024-08-23 14:20:41,725 [WARN] PackLoader:240 - Cannot read IP mode file for STMicroelectronics.X-CUBE-TOF1.3.3.1
2024-08-23 14:20:41,757 [WARN] PackLoader:240 - Cannot read IP mode file for STMicroelectronics.X-CUBE-AZRTOS-G4.2.0.0
2024-08-23 14:20:41,782 [WARN] PackLoader:240 - Cannot read IP mode file for Infineon.AIROC-Wi-Fi-Bluetooth-STM32.1.5.1
2024-08-23 14:20:41,797 [WARN] PackLoader:240 - Cannot read IP mode file for STMicroelectronics.FP-SNS-MOTENVWB1.1.3.0
2024-08-23 14:20:41,810 [WARN] PackLoader:240 - Cannot read IP mode file for STMicroelectronics.FP-SNS-MOTENVWB1.1.3.1
2024-08-23 14:20:41,875 [WARN] PackLoader:240 - Cannot read IP mode file for STMicroelectronics.X-CUBE-ISPU.2.0.0
2024-08-23 14:20:41,886 [WARN] PackLoader:240 - Cannot read IP mode file for STMicroelectronics.X-CUBE-ALS.1.0.2
2024-08-23 14:20:41,930 [WARN] PackLoader:240 - Cannot read IP mode file for STMicroelectronics.X-CUBE-MEMS1.10.0.0
2024-08-23 14:20:42,152 [WARN] PackLoader:240 - Cannot read IP mode file for STMicroelectronics.X-CUBE-FREERTOS.1.1.0
2024-08-23 14:20:42,164 [WARN] PackLoader:240 - Cannot read IP mode file for STMicroelectronics.X-CUBE-TOUCHGFX.4.24.0
2024-08-23 14:20:42,177 [WARN] PackLoader:240 - Cannot read IP mode file for portGmbH.I-Cube-SoM-uGOAL.1.1.0
2024-08-23 14:20:42,190 [WARN] PackLoader:240 - Cannot read IP mode file for STMicroelectronics.X-CUBE-ALS.1.0.1
2024-08-23 14:20:42,217 [WARN] PackLoader:240 - Cannot read IP mode file for STMicroelectronics.X-CUBE-AZRTOS-H7RS.1.0.0
2024-08-23 14:20:42,230 [WARN] PackLoader:240 - Cannot read IP mode file for STMicroelectronics.FP-ATR-ASTRA1.2.0.0
2024-08-23 14:20:42,250 [WARN] PackLoader:240 - Cannot read IP mode file for STMicroelectronics.X-CUBE-TOF1.3.4.2
2024-08-23 14:20:42,277 [WARN] PackLoader:240 - Cannot read IP mode file for STMicroelectronics.X-CUBE-TOF1.3.4.0
2024-08-23 14:20:42,308 [WARN] PackLoader:240 - Cannot read IP mode file for STMicroelectronics.X-CUBE-TOF1.3.4.1
2024-08-23 14:20:42,349 [WARN] PackLoader:240 - Cannot read IP mode file for STMicroelectronics.X-CUBE-AZRTOS-H7.3.2.0
2024-08-23 14:20:42,366 [WARN] PackLoader:240 - Cannot read IP mode file for wolfSSL.I-CUBE-wolfSSH.1.4.17
2024-08-23 14:20:42,366 [INFO] ThirdParty:978 - Integrity check success = true
2024-08-23 14:20:42,366 [INFO] IntegrityCheckThread:100 - exiting critical section [integrity check]
2024-08-23 14:20:42,366 [INFO] IntegrityCheckThread:103 - End integrity checks thread
2024-08-23 14:20:42,483 [INFO] Mcu:2016 - Initializing MCU STM32F407VGTx STM32F407VGTx STM32F407VGT6
2024-08-23 14:20:44,302 [INFO] Context:659 - Trying to add GPIOservice into a context  which must be forbidden
2024-08-23 14:20:44,776 [INFO] ImportTextPane:194 - (OptionalMessage_ERROR) Unable to find key (Mcu.ThirdPartyNb) in loaded IOC file
2024-08-23 14:20:44,777 [INFO] ImportTextPane:194 - (OptionalMessage_ERROR) Unable to find key (Mcu.PinsNb) in loaded IOC file
2024-08-23 14:20:44,777 [INFO] ImportTextPane:194 - (OptionalMessage_ERROR) Unable to find key (Mcu.IPNb) in loaded IOC file
2024-08-23 14:20:44,943 [INFO] RtosManager:555 - Registered RTOS mode: class=CMSIS, group=RTOS, mode=CMSIS_V1, owner=FREERTOS
2024-08-23 14:20:44,943 [INFO] RtosManager:555 - Registered RTOS mode: class=CMSIS, group=RTOS2, mode=CMSIS_V2, owner=FREERTOS
2024-08-23 14:20:44,943 [INFO] RtosManager:555 - Registered RTOS mode: class=RTOS, group=Core, mode=CMSIS_V1, owner=FREERTOS
2024-08-23 14:20:44,943 [INFO] RtosManager:555 - Registered RTOS mode: class=RTOS, group=Core, mode=CMSIS_V2, owner=FREERTOS
2024-08-23 14:20:44,944 [WARN] ModelIntegratedComponent:184 - Missing modes for component STMicroelectronics:FreeRTOS:0.0.1:STMicroelectronics:RTOS:FreeRTOS:Core:::10.2.0:
2024-08-23 14:20:44,959 [WARN] ModelIntegratedComponent:63 - No mode defined for component null
2024-08-23 14:20:44,959 [WARN] ModelIntegratedComponent:63 - No mode defined for component null
2024-08-23 14:20:44,959 [WARN] ModelIntegratedComponent:63 - No mode defined for component null
2024-08-23 14:20:44,959 [WARN] ModelIntegratedComponent:63 - No mode defined for component null
2024-08-23 14:20:44,959 [WARN] ModelIntegratedComponent:63 - No mode defined for component null
2024-08-23 14:20:44,959 [WARN] ModelIntegratedComponent:63 - No mode defined for component null
2024-08-23 14:20:44,959 [WARN] ModelIntegratedComponent:63 - No mode defined for component null
2024-08-23 14:20:44,959 [WARN] ModelIntegratedComponent:63 - No mode defined for component null
2024-08-23 14:20:44,959 [WARN] ModelIntegratedComponent:63 - No mode defined for component null
2024-08-23 14:20:44,959 [WARN] ModelIntegratedComponent:63 - No mode defined for component null
2024-08-23 14:20:44,959 [WARN] ModelIntegratedComponent:63 - No mode defined for component null
2024-08-23 14:20:44,959 [WARN] ModelIntegratedComponent:63 - No mode defined for component null
2024-08-23 14:20:44,959 [WARN] ModelIntegratedComponent:63 - No mode defined for component null
2024-08-23 14:20:44,959 [WARN] ModelIntegratedComponent:63 - No mode defined for component null
2024-08-23 14:20:44,960 [WARN] ModelIntegratedComponent:63 - No mode defined for component null
2024-08-23 14:20:44,960 [WARN] ModelIntegratedComponent:63 - No mode defined for component null
2024-08-23 14:20:44,960 [WARN] ModelIntegratedComponent:63 - No mode defined for component null
2024-08-23 14:20:44,960 [WARN] ModelIntegratedComponent:63 - No mode defined for component null
2024-08-23 14:20:44,960 [WARN] ModelIntegratedComponent:63 - No mode defined for component null
2024-08-23 14:20:44,960 [WARN] ModelIntegratedComponent:63 - No mode defined for component null
2024-08-23 14:20:44,960 [WARN] ModelIntegratedComponent:63 - No mode defined for component null
2024-08-23 14:20:44,960 [WARN] ModelIntegratedComponent:63 - No mode defined for component null
2024-08-23 14:20:44,960 [WARN] ModelIntegratedComponent:63 - No mode defined for component null
2024-08-23 14:20:44,960 [WARN] ModelIntegratedComponent:63 - No mode defined for component null
2024-08-23 14:20:44,960 [WARN] ModelIntegratedComponent:63 - No mode defined for component null
2024-08-23 14:20:44,960 [WARN] ModelIntegratedComponent:63 - No mode defined for component null
2024-08-23 14:20:44,960 [WARN] ModelIntegratedComponent:63 - No mode defined for component null
2024-08-23 14:20:44,960 [WARN] ModelIntegratedComponent:63 - No mode defined for component null
2024-08-23 14:20:44,960 [WARN] ModelIntegratedComponent:63 - No mode defined for component null
2024-08-23 14:20:44,960 [WARN] ModelIntegratedComponent:63 - No mode defined for component null
2024-08-23 14:20:44,960 [WARN] ModelIntegratedComponent:63 - No mode defined for component null
2024-08-23 14:20:44,960 [WARN] ModelIntegratedComponent:63 - No mode defined for component null
2024-08-23 14:20:44,960 [WARN] ModelIntegratedComponent:63 - No mode defined for component null
2024-08-23 14:20:45,055 [INFO] ThirdPartyModel:298 - Start build external matchings
2024-08-23 14:20:46,036 [INFO] ThirdPartyModel:316 - End build external matchings
2024-08-23 14:20:46,425 [INFO] UtilMem:75 - End LoadConfig() Used Memory: 791567512 Bytes (1073741824)
2024-08-23 14:20:46,461 [INFO] MicroXplorer:468 - Change Database Path : 
2024-08-23 14:20:46,461 [INFO] MicroXplorer:498 - Change Database Version : DB.6.0.100
2024-08-23 14:20:46,462 [WARN] ThirdParty:833 - waiting for thirdparty lock release [change project]
2024-08-23 14:20:46,462 [INFO] ThirdParty:835 - entering critical section [change project]
2024-08-23 14:20:46,462 [INFO] ThirdParty:1030 - CMSIS Pack Vendor :STMicroelectronics X-CUBE-ISPU 1.1.0
2024-08-23 14:20:46,462 [INFO] ThirdParty:1030 - CMSIS Pack Vendor :STMicroelectronics USBPD 4.1
2024-08-23 14:20:46,462 [INFO] ThirdParty:1030 - CMSIS Pack Vendor :STMicroelectronics X-CUBE-AZRTOS-H7 3.3.0
2024-08-23 14:20:46,462 [INFO] ThirdParty:1030 - CMSIS Pack Vendor :STMicroelectronics X-CUBE-GNSS1 6.0.0
2024-08-23 14:20:46,462 [INFO] ThirdParty:1030 - CMSIS Pack Vendor :STMicroelectronics USB_HOST 2.0.0
2024-08-23 14:20:46,462 [INFO] ThirdParty:1030 - CMSIS Pack Vendor :STMicroelectronics FP-SNS-MOTENVWB1 1.4.0
2024-08-23 14:20:46,462 [INFO] ThirdParty:1030 - CMSIS Pack Vendor :STMicroelectronics X-CUBE-AZRTOS-F4 1.1.0
2024-08-23 14:20:46,462 [INFO] ThirdParty:1030 - CMSIS Pack Vendor :STMicroelectronics LIBJPEG 8.0.0
2024-08-23 14:20:46,462 [INFO] ThirdParty:1030 - CMSIS Pack Vendor :wolfSSL I-CUBE-wolfSSL 5.6.4
2024-08-23 14:20:46,462 [INFO] ThirdParty:1030 - CMSIS Pack Vendor :STMicroelectronics X-CUBE-SMBUS 2.1.0
2024-08-23 14:20:46,462 [INFO] ThirdParty:1030 - CMSIS Pack Vendor :STMicroelectronics USB_DEVICE 3.0.0
2024-08-23 14:20:46,462 [INFO] ThirdParty:1030 - CMSIS Pack Vendor :STMicroelectronics X-CUBE-TCPP 4.1.0
2024-08-23 14:20:46,462 [INFO] ThirdParty:1030 - CMSIS Pack Vendor :STMicroelectronics X-CUBE-FREERTOS 1.2.0
2024-08-23 14:20:46,463 [INFO] ThirdParty:1030 - CMSIS Pack Vendor :STMicroelectronics X-CUBE-AZRTOS-WB 2.0.0
2024-08-23 14:20:46,465 [INFO] ThirdParty:1030 - CMSIS Pack Vendor :wolfSSL I-CUBE-wolfSSL 5.6.6
2024-08-23 14:20:46,465 [INFO] ThirdParty:1030 - CMSIS Pack Vendor :STMicroelectronics X-CUBE-TOUCHGFX 4.23.0
2024-08-23 14:20:46,465 [INFO] ThirdParty:1030 - CMSIS Pack Vendor :STMicroelectronics X-CUBE-TOUCHGFX 4.23.2
2024-08-23 14:20:46,465 [INFO] ThirdParty:1030 - CMSIS Pack Vendor :STMicroelectronics X-CUBE-AZRTOS-F7 1.1.0
2024-08-23 14:20:46,465 [INFO] ThirdParty:1030 - CMSIS Pack Vendor :STMicroelectronics X-CUBE-AZRTOS-L5 2.0.0
2024-08-23 14:20:46,466 [INFO] ThirdParty:1030 - CMSIS Pack Vendor :STMicroelectronics USB_DEVICE 2.0.0
2024-08-23 14:20:46,466 [INFO] ThirdParty:1030 - CMSIS Pack Vendor :STMicroelectronics X-CUBE-EEPRMA1 4.2.0
2024-08-23 14:20:46,466 [INFO] ThirdParty:1030 - CMSIS Pack Vendor :STMicroelectronics X-CUBE-NFC6 3.1.0
2024-08-23 14:20:46,466 [INFO] ThirdParty:1030 - CMSIS Pack Vendor :ITTIA_DB I-CUBE-ITTIADB 8.8.0
2024-08-23 14:20:46,466 [INFO] ThirdParty:1030 - CMSIS Pack Vendor :STMicroelectronics FP-SNS-STBOX1 2.0.0
2024-08-23 14:20:46,466 [INFO] ThirdParty:1030 - CMSIS Pack Vendor :STMicroelectronics FP-SNS-MOTENV1 4.3.2
2024-08-23 14:20:46,466 [INFO] ThirdParty:1030 - CMSIS Pack Vendor :STMicroelectronics X-CUBE-ALGOBUILD 1.3.0
2024-08-23 14:20:46,466 [INFO] ThirdParty:1030 - CMSIS Pack Vendor :STMicroelectronics X-CUBE-MEMS1 11.0.0
2024-08-23 14:20:46,466 [INFO] ThirdParty:1030 - CMSIS Pack Vendor :STMicroelectronics FreeRTOS 0.0.1
2024-08-23 14:20:46,466 [INFO] ThirdParty:1030 - CMSIS Pack Vendor :STMicroelectronics X-CUBE-AZRTOS-G0 1.1.0
2024-08-23 14:20:46,466 [INFO] ThirdParty:1030 - CMSIS Pack Vendor :STMicroelectronics X-CUBE-SAFEA1 1.2.2
2024-08-23 14:20:46,466 [INFO] ThirdParty:1030 - CMSIS Pack Vendor :STMicroelectronics X-CUBE-NFC4 3.0.0
2024-08-23 14:20:46,466 [INFO] ThirdParty:1030 - CMSIS Pack Vendor :STMicroelectronics X-CUBE-DPower 1.2.0
2024-08-23 14:20:46,466 [INFO] ThirdParty:1030 - CMSIS Pack Vendor :STMicroelectronics X-CUBE-SUBG2 5.0.0
2024-08-23 14:20:46,466 [INFO] ThirdParty:1030 - CMSIS Pack Vendor :STMicroelectronics STM32_WPAN 1.0.0
2024-08-23 14:20:46,466 [INFO] ThirdParty:1030 - CMSIS Pack Vendor :EmbeddedOffice I-CUBE-FS-RTOS 1.0.1
2024-08-23 14:20:46,466 [INFO] ThirdParty:1030 - CMSIS Pack Vendor :STMicroelectronics lwIP 2.0.3
2024-08-23 14:20:46,466 [INFO] ThirdParty:1030 - CMSIS Pack Vendor :STMicroelectronics FP-SNS-FLIGHT1 5.0.2
2024-08-23 14:20:46,466 [INFO] ThirdParty:1030 - CMSIS Pack Vendor :Cesanta I-CUBE-Mongoose 7.13.0
2024-08-23 14:20:46,467 [INFO] ThirdParty:1030 - CMSIS Pack Vendor :STMicroelectronics USB_HOST 1.0.0
2024-08-23 14:20:46,467 [INFO] ThirdParty:1030 - CMSIS Pack Vendor :STMicroelectronics X-CUBE-TOF1 3.3.1
2024-08-23 14:20:46,467 [INFO] ThirdParty:1030 - CMSIS Pack Vendor :STMicroelectronics X-CUBE-AI 9.0.0
2024-08-23 14:20:46,467 [INFO] ThirdParty:1030 - CMSIS Pack Vendor :STMicroelectronics X-CUBE-AZRTOS-G4 2.0.0
2024-08-23 14:20:46,467 [INFO] ThirdParty:1030 - CMSIS Pack Vendor :STMicroelectronics PDM2PCM 3.1.0
2024-08-23 14:20:46,467 [INFO] ThirdParty:1030 - CMSIS Pack Vendor :STMicroelectronics X-CUBE-AZRTOS-H7 3.1.0
2024-08-23 14:20:46,467 [INFO] ThirdParty:1030 - CMSIS Pack Vendor :Infineon AIROC-Wi-Fi-Bluetooth-STM32 1.5.1
2024-08-23 14:20:46,467 [INFO] ThirdParty:1030 - CMSIS Pack Vendor :STMicroelectronics X-CUBE-BLEMGR 3.0.0
2024-08-23 14:20:46,467 [INFO] ThirdParty:1030 - CMSIS Pack Vendor :STMicroelectronics PDM2PCM 3.3.0
2024-08-23 14:20:46,467 [INFO] ThirdParty:1030 - CMSIS Pack Vendor :STMicroelectronics X-CUBE-DISPLAY 3.0.0
2024-08-23 14:20:46,467 [INFO] ThirdParty:1030 - CMSIS Pack Vendor :STMicroelectronics FP-SNS-MOTENVWB1 1.3.0
2024-08-23 14:20:46,467 [INFO] ThirdParty:1030 - CMSIS Pack Vendor :RealThread X-CUBE-RT-Thread_Nano 4.1.1
2024-08-23 14:20:46,467 [INFO] ThirdParty:1030 - CMSIS Pack Vendor :STMicroelectronics FP-SNS-MOTENVWB1 1.3.1
2024-08-23 14:20:46,467 [INFO] ThirdParty:1030 - CMSIS Pack Vendor :STMicroelectronics X-CUBE-BLE1 7.0.0
2024-08-23 14:20:46,467 [INFO] ThirdParty:1030 - CMSIS Pack Vendor :STMicroelectronics FP-ATR-SIGFOX1 3.2.0
2024-08-23 14:20:46,467 [INFO] ThirdParty:1030 - CMSIS Pack Vendor :STMicroelectronics X-CUBE-ISPU 2.0.0
2024-08-23 14:20:46,467 [INFO] ThirdParty:1030 - CMSIS Pack Vendor :STMicroelectronics X-CUBE-EEPRMA1 5.1.0
2024-08-23 14:20:46,467 [INFO] ThirdParty:1030 - CMSIS Pack Vendor :STMicroelectronics HAL Drivers 0.0.0
2024-08-23 14:20:46,467 [INFO] ThirdParty:1030 - CMSIS Pack Vendor :STMicroelectronics MBEDTLS 2.16.2
2024-08-23 14:20:46,467 [INFO] ThirdParty:1030 - CMSIS Pack Vendor :STMicroelectronics X-CUBE-ALS 1.0.2
2024-08-23 14:20:46,467 [INFO] ThirdParty:1030 - CMSIS Pack Vendor :emotas I-CUBE-CANOPEN 1.3.0
2024-08-23 14:20:46,467 [INFO] ThirdParty:1030 - CMSIS Pack Vendor :STMicroelectronics X-CUBE-MEMS1 10.0.0
2024-08-23 14:20:46,467 [INFO] ThirdParty:1030 - CMSIS Pack Vendor :STMicroelectronics X-CUBE-FREERTOS 1.1.0
2024-08-23 14:20:46,467 [INFO] ThirdParty:1030 - CMSIS Pack Vendor :STMicroelectronics X-CUBE-NFC7 1.0.1
2024-08-23 14:20:46,467 [INFO] ThirdParty:1030 - CMSIS Pack Vendor :STMicroelectronics MBEDTLS 2.14.1
2024-08-23 14:20:46,467 [INFO] ThirdParty:1030 - CMSIS Pack Vendor :STMicroelectronics X-CUBE-TOUCHGFX 4.24.0
2024-08-23 14:20:46,467 [INFO] ThirdParty:1030 - CMSIS Pack Vendor :STMicroelectronics X-CUBE-TOUCHGFX 4.22.1
2024-08-23 14:20:46,467 [INFO] ThirdParty:1030 - CMSIS Pack Vendor :wolfSSL I-CUBE-wolfTPM 3.2.0
2024-08-23 14:20:46,467 [INFO] ThirdParty:1030 - CMSIS Pack Vendor :STMicroelectronics X-CUBE-NFC6 3.0.0
2024-08-23 14:20:46,467 [INFO] ThirdParty:1030 - CMSIS Pack Vendor :portGmbH I-Cube-SoM-uGOAL 1.1.0
2024-08-23 14:20:46,467 [INFO] ThirdParty:1030 - CMSIS Pack Vendor :STMicroelectronics X-CUBE-ALS 1.0.1
2024-08-23 14:20:46,467 [INFO] ThirdParty:1030 - CMSIS Pack Vendor :STMicroelectronics X-CUBE-BLEMGR 3.1.0
2024-08-23 14:20:46,467 [INFO] ThirdParty:1030 - CMSIS Pack Vendor :STMicroelectronics ThreadX 1.0.0
2024-08-23 14:20:46,467 [INFO] ThirdParty:1030 - CMSIS Pack Vendor :STMicroelectronics FP-SNS-SMARTAG2 1.2.0
2024-08-23 14:20:46,467 [INFO] ThirdParty:1030 - CMSIS Pack Vendor :STMicroelectronics X-CUBE-AZRTOS-WL 2.0.0
2024-08-23 14:20:46,467 [INFO] ThirdParty:1030 - CMSIS Pack Vendor :SEGGER I-CUBE-embOS 1.3.1
2024-08-23 14:20:46,467 [INFO] ThirdParty:1030 - CMSIS Pack Vendor :STMicroelectronics X-CUBE-ALGOBUILD 1.4.0
2024-08-23 14:20:46,467 [INFO] ThirdParty:1030 - CMSIS Pack Vendor :STMicroelectronics FP-SNS-MOTENV1 5.0.0
2024-08-23 14:20:46,467 [INFO] ThirdParty:1030 - CMSIS Pack Vendor :STMicroelectronics USB_DEVICE 1.0.0
2024-08-23 14:20:46,467 [INFO] ThirdParty:1030 - CMSIS Pack Vendor :STMicroelectronics X-CUBE-AI 8.1.0
2024-08-23 14:20:46,467 [INFO] ThirdParty:1030 - CMSIS Pack Vendor :STMicroelectronics X-CUBE-AZRTOS-H7RS 1.0.0
2024-08-23 14:20:46,467 [INFO] ThirdParty:1030 - CMSIS Pack Vendor :wolfSSL I-CUBE-wolfMQTT 1.19.0
2024-08-23 14:20:46,467 [INFO] ThirdParty:1030 - CMSIS Pack Vendor :STMicroelectronics X-CUBE-AZRTOS-L4 2.0.0
2024-08-23 14:20:46,467 [INFO] ThirdParty:1030 - CMSIS Pack Vendor :STMicroelectronics ThreadX 0.0.2
2024-08-23 14:20:46,468 [INFO] ThirdParty:1030 - CMSIS Pack Vendor :WES I-CUBE-Cesium 1.3.0
2024-08-23 14:20:46,468 [INFO] ThirdParty:1030 - CMSIS Pack Vendor :STMicroelectronics FP-ATR-ASTRA1 2.0.0
2024-08-23 14:20:46,468 [INFO] ThirdParty:1030 - CMSIS Pack Vendor :STMicroelectronics lwIP 2.1.2
2024-08-23 14:20:46,468 [INFO] ThirdParty:1030 - CMSIS Pack Vendor :STMicroelectronics X-CUBE-SFXS2LP1 4.0.0
2024-08-23 14:20:46,468 [INFO] ThirdParty:1030 - CMSIS Pack Vendor :STMicroelectronics X-CUBE-BLE2 3.3.0
2024-08-23 14:20:46,468 [INFO] ThirdParty:1030 - CMSIS Pack Vendor :STMicroelectronics X-CUBE-TOF1 3.4.2
2024-08-23 14:20:46,468 [INFO] ThirdParty:1030 - CMSIS Pack Vendor :STMicroelectronics X-CUBE-TOF1 3.4.0
2024-08-23 14:20:46,468 [INFO] ThirdParty:1030 - CMSIS Pack Vendor :STMicroelectronics X-CUBE-TOF1 3.4.1
2024-08-23 14:20:46,468 [INFO] ThirdParty:1030 - CMSIS Pack Vendor :STMicroelectronics X-CUBE-AZRTOS-H7 3.2.0
2024-08-23 14:20:46,468 [INFO] ThirdParty:1030 - CMSIS Pack Vendor :STMicroelectronics PDM2PCM 3.2.0
2024-08-23 14:20:46,468 [INFO] ThirdParty:1030 - CMSIS Pack Vendor :wolfSSL I-CUBE-wolfSSH 1.4.17
2024-08-23 14:20:46,468 [INFO] ThirdParty:841 - exiting critical section [change project]
2024-08-23 14:20:46,910 [INFO] PinOutPanel:1499 - setPackage(No Configuration,No Configuration)
2024-08-23 14:20:46,911 [INFO] PinOutPanel:1499 - setPackage(STM32F407VGTx,LQFP100)
2024-08-23 14:20:47,371 [INFO] UtilMem:75 - Before build in PCC Used Memory: 699023544 Bytes (1073741824)
2024-08-23 14:20:48,158 [INFO] UtilMem:75 - After build in PCC Used Memory: 783431864 Bytes (1073741824)
2024-08-23 14:20:48,185 [INFO] IPUIPlugin:80 - create IPUIPlugin
2024-08-23 14:20:48,185 [INFO] IPUIPlugin:80 - create IPUIPlugin
2024-08-23 14:20:48,185 [INFO] IPUIPlugin:80 - create IPUIPlugin
2024-08-23 14:20:48,185 [INFO] IPUIPlugin:80 - create IPUIPlugin
2024-08-23 14:20:48,185 [INFO] IPUIPlugin:80 - create IPUIPlugin
2024-08-23 14:20:48,186 [INFO] IPUIPlugin:80 - create IPUIPlugin
2024-08-23 14:20:48,186 [INFO] IPUIPlugin:80 - create IPUIPlugin
2024-08-23 14:20:48,186 [INFO] IPUIPlugin:80 - create IPUIPlugin
2024-08-23 14:20:48,186 [INFO] IPUIPlugin:80 - create IPUIPlugin
2024-08-23 14:20:48,186 [INFO] IPUIPlugin:80 - create IPUIPlugin
2024-08-23 14:20:48,186 [INFO] IPUIPlugin:80 - create IPUIPlugin
2024-08-23 14:20:48,186 [INFO] IPUIPlugin:80 - create IPUIPlugin
2024-08-23 14:20:48,186 [INFO] IPUIPlugin:80 - create IPUIPlugin
2024-08-23 14:20:48,186 [INFO] IPUIPlugin:80 - create IPUIPlugin
2024-08-23 14:20:48,186 [INFO] IPUIPlugin:80 - create IPUIPlugin
2024-08-23 14:20:48,186 [INFO] IPUIPlugin:80 - create IPUIPlugin
2024-08-23 14:20:48,186 [INFO] IPUIPlugin:80 - create IPUIPlugin
2024-08-23 14:20:48,186 [INFO] IPUIPlugin:80 - create IPUIPlugin
2024-08-23 14:20:48,187 [INFO] IPUIPlugin:80 - create IPUIPlugin
2024-08-23 14:20:48,187 [INFO] IPUIPlugin:80 - create IPUIPlugin
2024-08-23 14:20:48,187 [INFO] IPUIPlugin:80 - create IPUIPlugin
2024-08-23 14:20:48,187 [INFO] IPUIPlugin:80 - create IPUIPlugin
2024-08-23 14:20:48,187 [INFO] IPUIPlugin:80 - create IPUIPlugin
2024-08-23 14:20:48,187 [INFO] IPUIPlugin:80 - create IPUIPlugin
2024-08-23 14:20:48,187 [INFO] IPUIPlugin:80 - create IPUIPlugin
2024-08-23 14:20:48,188 [INFO] IPUIPlugin:80 - create IPUIPlugin
2024-08-23 14:20:48,188 [INFO] IPUIPlugin:80 - create IPUIPlugin
2024-08-23 14:20:48,188 [INFO] IPUIPlugin:80 - create IPUIPlugin
2024-08-23 14:20:48,188 [INFO] IPUIPlugin:80 - create IPUIPlugin
2024-08-23 14:20:48,188 [INFO] IPUIPlugin:80 - create IPUIPlugin
2024-08-23 14:20:48,188 [INFO] IPUIPlugin:80 - create IPUIPlugin
2024-08-23 14:20:48,189 [INFO] IPUIPlugin:80 - create IPUIPlugin
2024-08-23 14:20:48,189 [INFO] IPUIPlugin:80 - create IPUIPlugin
2024-08-23 14:20:48,189 [INFO] IPUIPlugin:80 - create IPUIPlugin
2024-08-23 14:20:48,189 [INFO] IPUIPlugin:80 - create IPUIPlugin
2024-08-23 14:20:48,189 [INFO] IPUIPlugin:80 - create IPUIPlugin
2024-08-23 14:20:48,189 [INFO] IPUIPlugin:80 - create IPUIPlugin
2024-08-23 14:20:48,190 [INFO] IPUIPlugin:80 - create IPUIPlugin
2024-08-23 14:20:48,190 [INFO] IPUIPlugin:80 - create IPUIPlugin
2024-08-23 14:20:48,190 [INFO] IPUIPlugin:80 - create IPUIPlugin
2024-08-23 14:20:48,190 [INFO] IPUIPlugin:80 - create IPUIPlugin
2024-08-23 14:20:48,190 [INFO] IPUIPlugin:80 - create IPUIPlugin
2024-08-23 14:20:48,190 [INFO] IPUIPlugin:80 - create IPUIPlugin
2024-08-23 14:20:48,191 [INFO] IPUIPlugin:80 - create IPUIPlugin
2024-08-23 14:20:48,191 [INFO] IPUIPlugin:80 - create IPUIPlugin
2024-08-23 14:20:48,191 [INFO] IPUIPlugin:80 - create IPUIPlugin
2024-08-23 14:20:48,191 [INFO] IPUIPlugin:80 - create IPUIPlugin
2024-08-23 14:20:48,191 [INFO] IPUIPlugin:80 - create IPUIPlugin
2024-08-23 14:20:48,192 [INFO] IPUIPlugin:80 - create IPUIPlugin
2024-08-23 14:20:48,192 [INFO] IPUIPlugin:80 - create IPUIPlugin
2024-08-23 14:20:48,192 [INFO] IPUIPlugin:80 - create IPUIPlugin
2024-08-23 14:20:48,192 [INFO] IPUIPlugin:80 - create IPUIPlugin
2024-08-23 14:20:48,193 [INFO] IPUIPlugin:80 - create IPUIPlugin
2024-08-23 14:20:48,193 [INFO] IPUIPlugin:80 - create IPUIPlugin
2024-08-23 14:20:48,193 [INFO] IPUIPlugin:80 - create IPUIPlugin
2024-08-23 14:20:48,194 [INFO] IPUIPlugin:80 - create IPUIPlugin
2024-08-23 14:20:48,194 [INFO] IPUIPlugin:80 - create IPUIPlugin
2024-08-23 14:20:48,195 [INFO] IPUIPlugin:80 - create IPUIPlugin
2024-08-23 14:20:48,302 [INFO] ApiDbMcu:508 - Load IP Config File for PDM2PCM
2024-08-23 14:20:48,487 [INFO] CADModel:165 - CPN selected for project levelSTM32F407VGT6
2024-08-23 14:20:48,487 [INFO] CADModel:114 - Register for checkConnection events
2024-08-23 14:20:48,535 [INFO] OpenFileManager:343 - Restore cursor
2024-08-23 14:20:49,714 [INFO] UtilMem:75 - End SaveConfig() Used Memory: 916554216 Bytes (1073741824)
2024-08-23 14:20:49,793 [INFO] UtilMem:75 - End SaveConfig() Used Memory: 940170256 Bytes (1073741824)
2024-08-23 14:20:50,275 [INFO] BlockDiagram:2759 - set Specific Code input for plugin: RCC
2024-08-23 14:20:50,276 [INFO] BlockDiagram:2759 - set Specific Code input for plugin: NVIC
2024-08-23 14:20:50,278 [INFO] CodeGenerator:807 - code generatio: config db path: C:\ST\STM32CubeIDE_1.13.2\STM32CubeIDE\plugins\com.st.stm32cube.common.mx_6.10.0.202311202037\\db\
2024-08-23 14:20:50,698 [INFO] CodeEngine:255 - oldGeneratedFile, C:\Users\power\OneDrive\Dokumente\KPI-ROVER\ecu_sw\ECU_sw\MXTmpFiles\license.tmp_save
2024-08-23 14:20:51,112 [INFO] CodeEngine:279 - Generated code: C:\Users\power\OneDrive\Dokumente\KPI-ROVER\ecu_sw\ECU_sw\MXTmpFiles\license.tmp
2024-08-23 14:20:51,138 [INFO] CodeEngine:255 - oldGeneratedFile, C:\Users\power\OneDrive\Dokumente\KPI-ROVER\ecu_sw\ECU_sw\Core\Src\stm32f4xx_it.c_save
2024-08-23 14:20:51,312 [INFO] CodeEngine:279 - Generated code: C:\Users\power\OneDrive\Dokumente\KPI-ROVER\ecu_sw\ECU_sw\Core\Src\stm32f4xx_it.c
2024-08-23 14:20:51,324 [INFO] CodeEngine:255 - oldGeneratedFile, C:\Users\power\OneDrive\Dokumente\KPI-ROVER\ecu_sw\ECU_sw\Core\Inc\stm32f4xx_it.h_save
2024-08-23 14:20:51,426 [INFO] CodeEngine:279 - Generated code: C:\Users\power\OneDrive\Dokumente\KPI-ROVER\ecu_sw\ECU_sw\Core\Inc\stm32f4xx_it.h
2024-08-23 14:20:51,527 [INFO] CodeEngine:255 - oldGeneratedFile, C:\Users\power\OneDrive\Dokumente\KPI-ROVER\ecu_sw\ECU_sw\Core\Src\stm32f4xx_hal_msp.c_save
2024-08-23 14:20:51,684 [INFO] CodeEngine:279 - Generated code: C:\Users\power\OneDrive\Dokumente\KPI-ROVER\ecu_sw\ECU_sw\Core\Src\stm32f4xx_hal_msp.c
2024-08-23 14:20:51,702 [INFO] CodeEngine:255 - oldGeneratedFile, C:\Users\power\OneDrive\Dokumente\KPI-ROVER\ecu_sw\ECU_sw\MXTmpFiles\system.tmp_save
2024-08-23 14:20:51,784 [INFO] CodeEngine:279 - Generated code: C:\Users\power\OneDrive\Dokumente\KPI-ROVER\ecu_sw\ECU_sw\MXTmpFiles\system.tmp
2024-08-23 14:20:51,808 [INFO] CodeEngine:311 - oldGeneratedFile, C:\Users\power\OneDrive\Dokumente\KPI-ROVER\ecu_sw\ECU_sw\Core\Inc\stm32f4xx_hal_conf.h_save
2024-08-23 14:20:51,968 [INFO] CodeEngine:335 - Generated code: C:\Users\power\OneDrive\Dokumente\KPI-ROVER\ecu_sw\ECU_sw\Core\Inc\stm32f4xx_hal_conf.h
2024-08-23 14:20:52,051 [INFO] CodeEngine:255 - oldGeneratedFile, C:\Users\power\OneDrive\Dokumente\KPI-ROVER\ecu_sw\ECU_sw\Core\Inc\main.h_save
2024-08-23 14:20:52,178 [INFO] CodeEngine:279 - Generated code: C:\Users\power\OneDrive\Dokumente\KPI-ROVER\ecu_sw\ECU_sw\Core\Inc\main.h
2024-08-23 14:20:52,193 [INFO] CodeEngine:255 - oldGeneratedFile, C:\Users\power\OneDrive\Dokumente\KPI-ROVER\ecu_sw\ECU_sw\Core\Src\main.c_save
2024-08-23 14:20:52,372 [INFO] CodeEngine:279 - Generated code: C:\Users\power\OneDrive\Dokumente\KPI-ROVER\ecu_sw\ECU_sw\Core\Src\main.c
2024-08-23 14:20:53,212 [INFO] ProjectBuilder:3076 - Time for Copy HAL[1] : 350mS.
2024-08-23 14:20:53,219 [INFO] ProjectBuilder:4485 - Project Generator version: 4.2.0-B44
2024-08-23 14:20:53,497 [INFO] ConfigFileManager:1495 - The Die is : DIE413
2024-08-23 14:20:53,512 [INFO] ApiDbMcu:508 - Load IP Config File for FATFS
2024-08-23 14:20:53,527 [INFO] ApiDbMcu:508 - Load IP Config File for FREERTOS
2024-08-23 14:20:53,540 [INFO] ApiDbMcu:508 - Load IP Config File for LIBJPEG
2024-08-23 14:20:53,554 [INFO] ApiDbMcu:508 - Load IP Config File for LWIP
2024-08-23 14:20:53,570 [INFO] ApiDbMcu:508 - Load IP Config File for MBEDTLS
2024-08-23 14:20:53,584 [INFO] ApiDbMcu:508 - Load IP Config File for USB_DEVICE
2024-08-23 14:20:53,594 [INFO] ApiDbMcu:508 - Load IP Config File for USB_HOST
2024-08-23 14:20:54,727 [INFO] LogOutputStream:77 - [STDOUT_REDIRECT] 
2024-08-23 14:20:58,306 [INFO] ProjectBuilder:4747 - Time for Generating toolchain IDE Files: 5087mS.
2024-08-23 14:20:58,307 [INFO] ProjectBuilder:2947 - Time for Copy CMSIS : 1mS.
2024-08-23 14:20:58,308 [INFO] ProjectBuilder:2947 - Time for Copy CMSIS : 0mS.
2024-08-23 14:20:59,196 [INFO] McuFinderGlobals:76 - Set McuFinderConnectedMode to true
2024-08-23 14:20:59,201 [INFO] ApiDb:448 - Save user favorites file C:\Users\power/.stm32cubeide/favorites.mcus.txt: 0 item(s)
2024-08-23 14:20:59,201 [INFO] ApiDb:452 - User favorites MCUs=[]
2024-08-23 14:36:05,351 [INFO] Gpio:277 - dependency for GPIO []
2024-08-23 14:38:06,814 [INFO] CheckServerUpdateThread:120 - End of CheckServer Thread
2024-08-23 14:38:40,987 [INFO] Gpio:277 - dependency for GPIO []
2024-08-23 14:39:02,268 [INFO] RtosManager:919 - Current active RTOS is FREERTOS [Cortex-M4NS]
2024-08-23 14:39:02,976 [WARN] FreeRTOS:563 - Case being investigated as it may cause exception (when called to early by set config state
2024-08-23 14:39:03,164 [ERROR] RtosPanel:558 - Can not restore the selected Tab for FREERTOS(A reason can be that the tab is no more available.)
2024-08-23 14:39:03,315 [ERROR] RtosPanel:558 - Can not restore the selected Tab for FREERTOS(A reason can be that the tab is no more available.)
2024-08-23 14:45:31,075 [INFO] TasksAndQueuesTab:757 - Dynamic
2024-08-23 14:45:31,075 [WARN] TasksAndQueuesTab:763 - 128 128
2024-08-23 14:45:31,075 [WARN] TasksAndQueuesTab:775 - max value is: 3840.0
2024-08-23 14:45:44,768 [INFO] TasksAndQueuesTab:757 - Dynamic
2024-08-23 14:45:44,768 [WARN] TasksAndQueuesTab:763 - 128 128
2024-08-23 14:45:44,768 [WARN] TasksAndQueuesTab:775 - max value is: 3840.0
2024-08-23 14:46:14,786 [INFO] UtilMem:75 - End SaveConfig() Used Memory: 692292520 Bytes (1073741824)
2024-08-23 14:46:20,530 [INFO] UtilMem:75 - End SaveConfig() Used Memory: 717415064 Bytes (1073741824)
2024-08-23 14:46:23,857 [INFO] UtilMem:75 - End SaveConfig() Used Memory: 803398296 Bytes (1073741824)
2024-08-23 14:55:56,285 [INFO] UtilMem:75 - End SaveConfig() Used Memory: 674661056 Bytes (1073741824)
2024-08-23 14:55:56,345 [INFO] UtilMem:75 - End SaveConfig() Used Memory: 697323072 Bytes (1073741824)
2024-08-23 14:55:56,713 [INFO] UtilMem:75 - End SaveConfig() Used Memory: 732334784 Bytes (1073741824)
2024-08-23 14:56:02,709 [INFO] BlockDiagram:2759 - set Specific Code input for plugin: FREERTOS
2024-08-23 14:56:02,710 [INFO] BlockDiagram:2759 - set Specific Code input for plugin: SYS
2024-08-23 14:56:02,710 [INFO] BlockDiagram:2759 - set Specific Code input for plugin: RCC
2024-08-23 14:56:02,710 [INFO] BlockDiagram:2759 - set Specific Code input for plugin: NVIC
2024-08-23 14:56:02,710 [INFO] BlockDiagram:2759 - set Specific Code input for plugin: GPIO
2024-08-23 14:56:02,712 [INFO] CodeGenerator:807 - code generatio: config db path: C:\ST\STM32CubeIDE_1.13.2\STM32CubeIDE\plugins\com.st.stm32cube.common.mx_6.10.0.202311202037\\db\
2024-08-23 14:56:02,831 [INFO] CodeEngine:255 - oldGeneratedFile, C:\Users\power\OneDrive\Dokumente\KPI-ROVER\ecu_sw\ECU_sw\MXTmpFiles\license.tmp_save
2024-08-23 14:56:02,941 [INFO] CodeEngine:279 - Generated code: C:\Users\power\OneDrive\Dokumente\KPI-ROVER\ecu_sw\ECU_sw\MXTmpFiles\license.tmp
2024-08-23 14:56:02,996 [INFO] CodeEngine:255 - oldGeneratedFile, C:\Users\power\OneDrive\Dokumente\KPI-ROVER\ecu_sw\ECU_sw\MXTmpFiles\gpio.tmp_save
2024-08-23 14:56:03,103 [INFO] CodeEngine:279 - Generated code: C:\Users\power\OneDrive\Dokumente\KPI-ROVER\ecu_sw\ECU_sw\MXTmpFiles\gpio.tmp
2024-08-23 14:56:03,152 [INFO] Middleware:1439 - No code input for Bsp Dependency
2024-08-23 14:56:03,172 [INFO] CodeEngine:255 - oldGeneratedFile, C:\Users\power\OneDrive\Dokumente\KPI-ROVER\ecu_sw\ECU_sw\MXTmpFiles\rtos_inc.tmp_save
2024-08-23 14:56:03,271 [INFO] CodeEngine:279 - Generated code: C:\Users\power\OneDrive\Dokumente\KPI-ROVER\ecu_sw\ECU_sw\MXTmpFiles\rtos_inc.tmp
2024-08-23 14:56:03,284 [INFO] CodeEngine:255 - oldGeneratedFile, C:\Users\power\OneDrive\Dokumente\KPI-ROVER\ecu_sw\ECU_sw\MXTmpFiles\rtos_kernelInit.tmp_save
2024-08-23 14:56:03,364 [INFO] CodeEngine:279 - Generated code: C:\Users\power\OneDrive\Dokumente\KPI-ROVER\ecu_sw\ECU_sw\MXTmpFiles\rtos_kernelInit.tmp
2024-08-23 14:56:03,375 [INFO] CodeEngine:255 - oldGeneratedFile, C:\Users\power\OneDrive\Dokumente\KPI-ROVER\ecu_sw\ECU_sw\MXTmpFiles\rtos_kernelStart.tmp_save
2024-08-23 14:56:03,446 [INFO] CodeEngine:279 - Generated code: C:\Users\power\OneDrive\Dokumente\KPI-ROVER\ecu_sw\ECU_sw\MXTmpFiles\rtos_kernelStart.tmp
2024-08-23 14:56:03,457 [INFO] CodeEngine:255 - oldGeneratedFile, C:\Users\power\OneDrive\Dokumente\KPI-ROVER\ecu_sw\ECU_sw\MXTmpFiles\rtos_typedefs.tmp_save
2024-08-23 14:56:03,505 [INFO] CodeEngine:279 - Generated code: C:\Users\power\OneDrive\Dokumente\KPI-ROVER\ecu_sw\ECU_sw\MXTmpFiles\rtos_typedefs.tmp
2024-08-23 14:56:03,516 [INFO] CodeEngine:255 - oldGeneratedFile, C:\Users\power\OneDrive\Dokumente\KPI-ROVER\ecu_sw\ECU_sw\MXTmpFiles\rtos_vars.tmp_save
2024-08-23 14:56:03,579 [INFO] CodeEngine:279 - Generated code: C:\Users\power\OneDrive\Dokumente\KPI-ROVER\ecu_sw\ECU_sw\MXTmpFiles\rtos_vars.tmp
2024-08-23 14:56:03,589 [INFO] CodeEngine:255 - oldGeneratedFile, C:\Users\power\OneDrive\Dokumente\KPI-ROVER\ecu_sw\ECU_sw\MXTmpFiles\rtos_pfp.tmp_save
2024-08-23 14:56:03,650 [INFO] CodeEngine:279 - Generated code: C:\Users\power\OneDrive\Dokumente\KPI-ROVER\ecu_sw\ECU_sw\MXTmpFiles\rtos_pfp.tmp
2024-08-23 14:56:03,659 [INFO] CodeEngine:255 - oldGeneratedFile, C:\Users\power\OneDrive\Dokumente\KPI-ROVER\ecu_sw\ECU_sw\MXTmpFiles\rtos_obj_creat.tmp_save
2024-08-23 14:56:03,728 [INFO] CodeEngine:279 - Generated code: C:\Users\power\OneDrive\Dokumente\KPI-ROVER\ecu_sw\ECU_sw\MXTmpFiles\rtos_obj_creat.tmp
2024-08-23 14:56:03,741 [INFO] CodeEngine:255 - oldGeneratedFile, C:\Users\power\OneDrive\Dokumente\KPI-ROVER\ecu_sw\ECU_sw\MXTmpFiles\rtos_default_thread.tmp_save
2024-08-23 14:56:03,804 [INFO] CodeEngine:279 - Generated code: C:\Users\power\OneDrive\Dokumente\KPI-ROVER\ecu_sw\ECU_sw\MXTmpFiles\rtos_default_thread.tmp
2024-08-23 14:56:03,816 [INFO] CodeEngine:255 - oldGeneratedFile, C:\Users\power\OneDrive\Dokumente\KPI-ROVER\ecu_sw\ECU_sw\MXTmpFiles\rtos_threads.tmp_save
2024-08-23 14:56:03,869 [INFO] CodeEngine:279 - Generated code: C:\Users\power\OneDrive\Dokumente\KPI-ROVER\ecu_sw\ECU_sw\MXTmpFiles\rtos_threads.tmp
2024-08-23 14:56:03,876 [INFO] Middleware:1439 - No code input for Bsp Dependency
2024-08-23 14:56:03,886 [INFO] CodeEngine:255 - oldGeneratedFile, C:\Users\power\OneDrive\Dokumente\KPI-ROVER\ecu_sw\ECU_sw\MXTmpFiles\rtos_inc.tmp_save
2024-08-23 14:56:03,950 [INFO] CodeEngine:279 - Generated code: C:\Users\power\OneDrive\Dokumente\KPI-ROVER\ecu_sw\ECU_sw\MXTmpFiles\rtos_inc.tmp
2024-08-23 14:56:03,955 [INFO] CodeEngine:255 - oldGeneratedFile, C:\Users\power\OneDrive\Dokumente\KPI-ROVER\ecu_sw\ECU_sw\MXTmpFiles\rtos_kernelInit.tmp_save
2024-08-23 14:56:04,000 [INFO] CodeEngine:279 - Generated code: C:\Users\power\OneDrive\Dokumente\KPI-ROVER\ecu_sw\ECU_sw\MXTmpFiles\rtos_kernelInit.tmp
2024-08-23 14:56:04,004 [INFO] CodeEngine:255 - oldGeneratedFile, C:\Users\power\OneDrive\Dokumente\KPI-ROVER\ecu_sw\ECU_sw\MXTmpFiles\rtos_kernelStart.tmp_save
2024-08-23 14:56:04,053 [INFO] CodeEngine:279 - Generated code: C:\Users\power\OneDrive\Dokumente\KPI-ROVER\ecu_sw\ECU_sw\MXTmpFiles\rtos_kernelStart.tmp
2024-08-23 14:56:04,057 [INFO] CodeEngine:255 - oldGeneratedFile, C:\Users\power\OneDrive\Dokumente\KPI-ROVER\ecu_sw\ECU_sw\MXTmpFiles\rtos_typedefs.tmp_save
2024-08-23 14:56:04,098 [INFO] CodeEngine:279 - Generated code: C:\Users\power\OneDrive\Dokumente\KPI-ROVER\ecu_sw\ECU_sw\MXTmpFiles\rtos_typedefs.tmp
2024-08-23 14:56:04,110 [INFO] CodeEngine:255 - oldGeneratedFile, C:\Users\power\OneDrive\Dokumente\KPI-ROVER\ecu_sw\ECU_sw\MXTmpFiles\rtos_vars.tmp_save
2024-08-23 14:56:04,155 [INFO] CodeEngine:279 - Generated code: C:\Users\power\OneDrive\Dokumente\KPI-ROVER\ecu_sw\ECU_sw\MXTmpFiles\rtos_vars.tmp
2024-08-23 14:56:04,159 [INFO] CodeEngine:255 - oldGeneratedFile, C:\Users\power\OneDrive\Dokumente\KPI-ROVER\ecu_sw\ECU_sw\MXTmpFiles\rtos_pfp.tmp_save
2024-08-23 14:56:04,247 [INFO] CodeEngine:279 - Generated code: C:\Users\power\OneDrive\Dokumente\KPI-ROVER\ecu_sw\ECU_sw\MXTmpFiles\rtos_pfp.tmp
2024-08-23 14:56:04,259 [INFO] CodeEngine:255 - oldGeneratedFile, C:\Users\power\OneDrive\Dokumente\KPI-ROVER\ecu_sw\ECU_sw\MXTmpFiles\rtos_obj_creat.tmp_save
2024-08-23 14:56:04,312 [INFO] CodeEngine:279 - Generated code: C:\Users\power\OneDrive\Dokumente\KPI-ROVER\ecu_sw\ECU_sw\MXTmpFiles\rtos_obj_creat.tmp
2024-08-23 14:56:04,318 [INFO] CodeEngine:255 - oldGeneratedFile, C:\Users\power\OneDrive\Dokumente\KPI-ROVER\ecu_sw\ECU_sw\MXTmpFiles\rtos_default_thread.tmp_save
2024-08-23 14:56:04,387 [INFO] CodeEngine:279 - Generated code: C:\Users\power\OneDrive\Dokumente\KPI-ROVER\ecu_sw\ECU_sw\MXTmpFiles\rtos_default_thread.tmp
2024-08-23 14:56:04,392 [INFO] CodeEngine:255 - oldGeneratedFile, C:\Users\power\OneDrive\Dokumente\KPI-ROVER\ecu_sw\ECU_sw\MXTmpFiles\rtos_threads.tmp_save
2024-08-23 14:56:04,440 [INFO] CodeEngine:279 - Generated code: C:\Users\power\OneDrive\Dokumente\KPI-ROVER\ecu_sw\ECU_sw\MXTmpFiles\rtos_threads.tmp
2024-08-23 14:56:04,452 [INFO] CodeEngine:255 - oldGeneratedFile, C:\Users\power\OneDrive\Dokumente\KPI-ROVER\ecu_sw\ECU_sw\Core\Inc\FreeRTOSConfig.h_save
2024-08-23 14:56:04,551 [INFO] CodeEngine:279 - Generated code: C:\Users\power\OneDrive\Dokumente\KPI-ROVER\ecu_sw\ECU_sw\Core\Inc\FreeRTOSConfig.h
2024-08-23 14:56:04,567 [INFO] CodeEngine:255 - oldGeneratedFile, C:\Users\power\OneDrive\Dokumente\KPI-ROVER\ecu_sw\ECU_sw\Core\Src\freertos.c_save
2024-08-23 14:56:04,655 [INFO] CodeEngine:279 - Generated code: C:\Users\power\OneDrive\Dokumente\KPI-ROVER\ecu_sw\ECU_sw\Core\Src\freertos.c
2024-08-23 14:56:04,674 [INFO] CodeEngine:255 - oldGeneratedFile, C:\Users\power\OneDrive\Dokumente\KPI-ROVER\ecu_sw\ECU_sw\Core\Src\stm32f4xx_it.c_save
2024-08-23 14:56:04,857 [INFO] CodeEngine:279 - Generated code: C:\Users\power\OneDrive\Dokumente\KPI-ROVER\ecu_sw\ECU_sw\Core\Src\stm32f4xx_it.c
2024-08-23 14:56:04,864 [INFO] CodeEngine:255 - oldGeneratedFile, C:\Users\power\OneDrive\Dokumente\KPI-ROVER\ecu_sw\ECU_sw\Core\Inc\stm32f4xx_it.h_save
2024-08-23 14:56:04,965 [INFO] CodeEngine:279 - Generated code: C:\Users\power\OneDrive\Dokumente\KPI-ROVER\ecu_sw\ECU_sw\Core\Inc\stm32f4xx_it.h
2024-08-23 14:56:04,996 [INFO] CodeEngine:255 - oldGeneratedFile, C:\Users\power\OneDrive\Dokumente\KPI-ROVER\ecu_sw\ECU_sw\Core\Src\stm32f4xx_hal_msp.c_save
2024-08-23 14:56:05,111 [INFO] CodeEngine:279 - Generated code: C:\Users\power\OneDrive\Dokumente\KPI-ROVER\ecu_sw\ECU_sw\Core\Src\stm32f4xx_hal_msp.c
2024-08-23 14:56:05,116 [INFO] CodeEngine:255 - oldGeneratedFile, C:\Users\power\OneDrive\Dokumente\KPI-ROVER\ecu_sw\ECU_sw\MXTmpFiles\system.tmp_save
2024-08-23 14:56:05,177 [INFO] CodeEngine:279 - Generated code: C:\Users\power\OneDrive\Dokumente\KPI-ROVER\ecu_sw\ECU_sw\MXTmpFiles\system.tmp
2024-08-23 14:56:05,191 [INFO] CodeEngine:255 - oldGeneratedFile, C:\Users\power\OneDrive\Dokumente\KPI-ROVER\ecu_sw\ECU_sw\Core\Src\stm32f4xx_hal_timebase_tim.c_save
2024-08-23 14:56:05,276 [INFO] CodeEngine:279 - Generated code: C:\Users\power\OneDrive\Dokumente\KPI-ROVER\ecu_sw\ECU_sw\Core\Src\stm32f4xx_hal_timebase_tim.c
2024-08-23 14:56:05,294 [INFO] CodeEngine:311 - oldGeneratedFile, C:\Users\power\OneDrive\Dokumente\KPI-ROVER\ecu_sw\ECU_sw\Core\Inc\stm32f4xx_hal_conf.h_save
2024-08-23 14:56:05,382 [INFO] CodeEngine:335 - Generated code: C:\Users\power\OneDrive\Dokumente\KPI-ROVER\ecu_sw\ECU_sw\Core\Inc\stm32f4xx_hal_conf.h
2024-08-23 14:56:05,444 [INFO] CodeEngine:255 - oldGeneratedFile, C:\Users\power\OneDrive\Dokumente\KPI-ROVER\ecu_sw\ECU_sw\Core\Inc\main.h_save
2024-08-23 14:56:05,538 [INFO] CodeEngine:279 - Generated code: C:\Users\power\OneDrive\Dokumente\KPI-ROVER\ecu_sw\ECU_sw\Core\Inc\main.h
2024-08-23 14:56:05,556 [INFO] CodeEngine:255 - oldGeneratedFile, C:\Users\power\OneDrive\Dokumente\KPI-ROVER\ecu_sw\ECU_sw\Core\Src\main.c_save
2024-08-23 14:56:05,671 [INFO] CodeEngine:279 - Generated code: C:\Users\power\OneDrive\Dokumente\KPI-ROVER\ecu_sw\ECU_sw\Core\Src\main.c
2024-08-23 14:56:06,485 [INFO] ProjectBuilder:3076 - Time for Copy HAL[1] : 488mS.
2024-08-23 14:56:06,489 [INFO] ProjectBuilder:4485 - Project Generator version: 4.2.0-B44
2024-08-23 14:56:06,712 [INFO] ConfigFileManager:1495 - The Die is : DIE413
2024-08-23 14:56:08,759 [INFO] ProjectBuilder:4747 - Time for Generating toolchain IDE Files: 2270mS.
2024-08-23 14:56:08,760 [INFO] ProjectBuilder:2947 - Time for Copy CMSIS : 0mS.
2024-08-23 14:56:08,766 [INFO] ProjectBuilder:2947 - Time for Copy CMSIS : 0mS.
2024-08-23 16:24:45,191 [ERROR] RtosPanel:558 - Can not restore the selected Tab for FREERTOS(A reason can be that the tab is no more available.)
2024-08-23 22:37:29,090 [ERROR] LogOutputStream:75 - [STDERR_REDIRECT] 
2024-08-23 22:37:29,090 [ERROR] LogOutputStream:75 - [STDERR_REDIRECT] 
